2024-08-28T15:36:25.839+05:30  INFO 24832 --- [product] [restartedMain] com.product.ProductApplication           : Starting ProductApplication using Java 17.0.11 with PID 24832 (C:\Users\piyus\Desktop\PC-workspace\product\product\target\classes started by piyus in C:\Users\piyus\Desktop\PC-workspace\product\product)
2024-08-28T15:36:25.857+05:30  INFO 24832 --- [product] [restartedMain] com.product.ProductApplication           : No active profile set, falling back to 1 default profile: "default"
2024-08-28T15:36:25.960+05:30  INFO 24832 --- [product] [restartedMain] .e.DevToolsPropertyDefaultsPostProcessor : Devtools property defaults active! Set 'spring.devtools.add-properties' to 'false' to disable
2024-08-28T15:36:25.960+05:30  INFO 24832 --- [product] [restartedMain] .e.DevToolsPropertyDefaultsPostProcessor : For additional web related logging consider setting the 'logging.level.web' property to 'DEBUG'
2024-08-28T15:36:26.948+05:30  INFO 24832 --- [product] [restartedMain] .s.d.r.c.RepositoryConfigurationDelegate : Bootstrapping Spring Data JPA repositories in DEFAULT mode.
2024-08-28T15:36:27.096+05:30  INFO 24832 --- [product] [restartedMain] .s.d.r.c.RepositoryConfigurationDelegate : Finished Spring Data repository scanning in 138 ms. Found 1 JPA repository interface.
2024-08-28T15:36:27.404+05:30  INFO 24832 --- [product] [restartedMain] o.s.cloud.context.scope.GenericScope     : BeanFactory id=ab0bb7cb-fe58-31fc-b5c3-e01adbf46888
2024-08-28T15:36:27.563+05:30  WARN 24832 --- [product] [restartedMain] trationDelegate$BeanPostProcessorChecker : Bean 'org.springframework.cloud.client.loadbalancer.LoadBalancerAutoConfiguration$DeferringLoadBalancerInterceptorConfig' of type [org.springframework.cloud.client.loadbalancer.LoadBalancerAutoConfiguration$DeferringLoadBalancerInterceptorConfig] is not eligible for getting processed by all BeanPostProcessors (for example: not eligible for auto-proxying). The currently created BeanPostProcessor [lbRestClientPostProcessor] is declared through a non-static factory method on that class; consider declaring it as static instead.
2024-08-28T15:36:27.566+05:30  WARN 24832 --- [product] [restartedMain] trationDelegate$BeanPostProcessorChecker : Bean 'deferringLoadBalancerInterceptor' of type [org.springframework.cloud.client.loadbalancer.DeferringLoadBalancerInterceptor] is not eligible for getting processed by all BeanPostProcessors (for example: not eligible for auto-proxying). Is this bean getting eagerly injected into a currently created BeanPostProcessor [lbRestClientPostProcessor]? Check the corresponding BeanPostProcessor declaration and its dependencies.
2024-08-28T15:36:28.388+05:30  INFO 24832 --- [product] [restartedMain] o.s.b.w.embedded.tomcat.TomcatWebServer  : Tomcat initialized with port 9094 (http)
2024-08-28T15:36:28.405+05:30  INFO 24832 --- [product] [restartedMain] o.apache.catalina.core.StandardService   : Starting service [Tomcat]
2024-08-28T15:36:28.406+05:30  INFO 24832 --- [product] [restartedMain] o.apache.catalina.core.StandardEngine    : Starting Servlet engine: [Apache Tomcat/10.1.26]
2024-08-28T15:36:28.504+05:30  INFO 24832 --- [product] [restartedMain] o.a.c.c.C.[.[localhost].[/client2]       : Initializing Spring embedded WebApplicationContext
2024-08-28T15:36:28.504+05:30  INFO 24832 --- [product] [restartedMain] w.s.c.ServletWebServerApplicationContext : Root WebApplicationContext: initialization completed in 2543 ms
2024-08-28T15:36:28.676+05:30  INFO 24832 --- [product] [restartedMain] o.hibernate.jpa.internal.util.LogHelper  : HHH000204: Processing PersistenceUnitInfo [name: default]
2024-08-28T15:36:28.752+05:30  INFO 24832 --- [product] [restartedMain] org.hibernate.Version                    : HHH000412: Hibernate ORM core version 6.5.2.Final
2024-08-28T15:36:28.804+05:30  INFO 24832 --- [product] [restartedMain] o.h.c.internal.RegionFactoryInitiator    : HHH000026: Second-level cache disabled
2024-08-28T15:36:29.180+05:30  INFO 24832 --- [product] [restartedMain] o.s.o.j.p.SpringPersistenceUnitInfo      : No LoadTimeWeaver setup: ignoring JPA class transformer
2024-08-28T15:36:29.221+05:30  INFO 24832 --- [product] [restartedMain] com.zaxxer.hikari.HikariDataSource       : HikariPool-1 - Starting...
2024-08-28T15:36:29.406+05:30  INFO 24832 --- [product] [restartedMain] com.zaxxer.hikari.pool.HikariPool        : HikariPool-1 - Added connection com.mysql.cj.jdbc.ConnectionImpl@5a5f2cf6
2024-08-28T15:36:29.409+05:30  INFO 24832 --- [product] [restartedMain] com.zaxxer.hikari.HikariDataSource       : HikariPool-1 - Start completed.
2024-08-28T15:36:29.472+05:30  WARN 24832 --- [product] [restartedMain] org.hibernate.orm.deprecation            : HHH90000025: MySQLDialect does not need to be specified explicitly using 'hibernate.dialect' (remove the property setting and it will be selected by default)
2024-08-28T15:36:30.882+05:30  INFO 24832 --- [product] [restartedMain] o.h.e.t.j.p.i.JtaPlatformInitiator       : HHH000489: No JTA platform available (set 'hibernate.transaction.jta.platform' to enable JTA platform integration)
2024-08-28T15:36:30.985+05:30  INFO 24832 --- [product] [restartedMain] j.LocalContainerEntityManagerFactoryBean : Initialized JPA EntityManagerFactory for persistence unit 'default'
2024-08-28T15:36:31.476+05:30  WARN 24832 --- [product] [restartedMain] JpaBaseConfiguration$JpaWebConfiguration : spring.jpa.open-in-view is enabled by default. Therefore, database queries may be performed during view rendering. Explicitly configure spring.jpa.open-in-view to disable this warning
2024-08-28T15:36:32.029+05:30  WARN 24832 --- [product] [restartedMain] o.s.b.d.a.OptionalLiveReloadServer       : Unable to start LiveReload server
2024-08-28T15:36:32.303+05:30  INFO 24832 --- [product] [restartedMain] DiscoveryClientOptionalArgsConfiguration : Eureka HTTP Client uses RestTemplate.
2024-08-28T15:36:32.395+05:30  WARN 24832 --- [product] [restartedMain] iguration$LoadBalancerCaffeineWarnLogger : Spring Cloud LoadBalancer is currently working with the default cache. While this cache implementation is useful for development and tests, it's recommended to use Caffeine cache in production.You can switch to using Caffeine cache, by adding it and org.springframework.cache.caffeine.CaffeineCacheManager to the classpath.
2024-08-28T15:36:32.448+05:30  INFO 24832 --- [product] [restartedMain] o.s.c.n.eureka.InstanceInfoFactory       : Setting initial instance status as: STARTING
2024-08-28T15:36:32.506+05:30  INFO 24832 --- [product] [restartedMain] com.netflix.discovery.DiscoveryClient    : Initializing Eureka in region us-east-1
2024-08-28T15:36:32.516+05:30  INFO 24832 --- [product] [restartedMain] c.n.d.s.r.aws.ConfigClusterResolver      : Resolving eureka endpoints via configuration
2024-08-28T15:36:32.538+05:30  INFO 24832 --- [product] [restartedMain] com.netflix.discovery.DiscoveryClient    : Disable delta property : false
2024-08-28T15:36:32.539+05:30  INFO 24832 --- [product] [restartedMain] com.netflix.discovery.DiscoveryClient    : Single vip registry refresh property : null
2024-08-28T15:36:32.539+05:30  INFO 24832 --- [product] [restartedMain] com.netflix.discovery.DiscoveryClient    : Force full registry fetch : false
2024-08-28T15:36:32.539+05:30  INFO 24832 --- [product] [restartedMain] com.netflix.discovery.DiscoveryClient    : Application is null : false
2024-08-28T15:36:32.539+05:30  INFO 24832 --- [product] [restartedMain] com.netflix.discovery.DiscoveryClient    : Registered Applications size is zero : true
2024-08-28T15:36:32.539+05:30  INFO 24832 --- [product] [restartedMain] com.netflix.discovery.DiscoveryClient    : Application version is -1: true
2024-08-28T15:36:32.540+05:30  INFO 24832 --- [product] [restartedMain] com.netflix.discovery.DiscoveryClient    : Getting all instance registry info from the eureka server
2024-08-28T15:36:33.283+05:30  INFO 24832 --- [product] [restartedMain] com.netflix.discovery.DiscoveryClient    : The response status is 200
2024-08-28T15:36:33.285+05:30  INFO 24832 --- [product] [restartedMain] com.netflix.discovery.DiscoveryClient    : Starting heartbeat executor: renew interval is: 30
2024-08-28T15:36:33.287+05:30  INFO 24832 --- [product] [restartedMain] c.n.discovery.InstanceInfoReplicator     : InstanceInfoReplicator onDemand update allowed rate per min is 4
2024-08-28T15:36:33.290+05:30  INFO 24832 --- [product] [restartedMain] com.netflix.discovery.DiscoveryClient    : Discovery Client initialized at timestamp 1724839593288 with initial instances count: 1
2024-08-28T15:36:33.293+05:30  INFO 24832 --- [product] [restartedMain] o.s.c.n.e.s.EurekaServiceRegistry        : Registering application PRODUCT with eureka with status UP
2024-08-28T15:36:33.294+05:30  INFO 24832 --- [product] [restartedMain] com.netflix.discovery.DiscoveryClient    : Saw local status change event StatusChangeEvent [timestamp=1724839593294, current=UP, previous=STARTING]
2024-08-28T15:36:33.295+05:30  INFO 24832 --- [product] [DiscoveryClient-InstanceInfoReplicator-%d] com.netflix.discovery.DiscoveryClient    : DiscoveryClient_PRODUCT/LAPTOP-9I24D6K4:product:9094: registering service...
2024-08-28T15:36:33.319+05:30  INFO 24832 --- [product] [restartedMain] o.s.b.w.embedded.tomcat.TomcatWebServer  : Tomcat started on port 9094 (http) with context path '/client2'
2024-08-28T15:36:33.321+05:30  INFO 24832 --- [product] [restartedMain] .s.c.n.e.s.EurekaAutoServiceRegistration : Updating port to 9094
2024-08-28T15:36:33.343+05:30  INFO 24832 --- [product] [DiscoveryClient-InstanceInfoReplicator-%d] com.netflix.discovery.DiscoveryClient    : DiscoveryClient_PRODUCT/LAPTOP-9I24D6K4:product:9094 - registration status: 204
2024-08-28T15:36:33.409+05:30  INFO 24832 --- [product] [restartedMain] com.product.ProductApplication           : Started ProductApplication in 8.768 seconds (process running for 9.835)
2024-08-28T15:40:17.730+05:30  INFO 24832 --- [product] [http-nio-9094-exec-3] o.a.c.c.C.[.[localhost].[/client2]       : Initializing Spring DispatcherServlet 'dispatcherServlet'
2024-08-28T15:40:17.747+05:30  INFO 24832 --- [product] [http-nio-9094-exec-3] o.s.web.servlet.DispatcherServlet        : Initializing Servlet 'dispatcherServlet'
2024-08-28T15:40:17.830+05:30  INFO 24832 --- [product] [http-nio-9094-exec-3] o.s.web.servlet.DispatcherServlet        : Completed initialization in 83 ms
2024-08-28T15:40:19.088+05:30  INFO 24832 --- [product] [http-nio-9094-exec-1] o.springdoc.api.AbstractOpenApiResource  : Init duration for springdoc-openapi is: 380 ms
2024-08-28T15:41:32.555+05:30  INFO 24832 --- [product] [AsyncResolver-bootstrap-executor-%d] c.n.d.s.r.aws.ConfigClusterResolver      : Resolving eureka endpoints via configuration
2024-08-28T15:43:05.490+05:30  INFO 24832 --- [product] [http-nio-9094-exec-5] c.product.controller.ProductController   : ======================================
2024-08-28T15:43:05.493+05:30  INFO 24832 --- [product] [http-nio-9094-exec-5] c.product.controller.ProductController   : addProduct() called from product controller
2024-08-28T15:43:05.493+05:30  INFO 24832 --- [product] [http-nio-9094-exec-5] com.product.service.ProductService       : ======================================
2024-08-28T15:43:05.493+05:30  INFO 24832 --- [product] [http-nio-9094-exec-5] com.product.service.ProductService       : addProduct() called from service layer
2024-08-28T15:43:05.493+05:30  INFO 24832 --- [product] [http-nio-9094-exec-5] com.product.service.ProductService       : addProduct() ended from service layer
2024-08-28T15:43:05.494+05:30  INFO 24832 --- [product] [http-nio-9094-exec-5] com.product.service.ProductService       : ======================================
2024-08-28T15:43:05.879+05:30  INFO 24832 --- [product] [http-nio-9094-exec-5] c.product.controller.ProductController   : ======================================
2024-08-28T15:43:05.879+05:30  INFO 24832 --- [product] [http-nio-9094-exec-5] c.product.controller.ProductController   : addProduct() ended from product controller
2024-08-28T15:43:29.972+05:30  INFO 24832 --- [product] [http-nio-9094-exec-3] c.product.controller.ProductController   : ======================================
2024-08-28T15:43:29.973+05:30  INFO 24832 --- [product] [http-nio-9094-exec-3] c.product.controller.ProductController   : getCustomerByID() called from product controller
2024-08-28T15:43:29.973+05:30  INFO 24832 --- [product] [http-nio-9094-exec-3] com.product.service.ProductService       : ======================================
2024-08-28T15:43:29.973+05:30  INFO 24832 --- [product] [http-nio-9094-exec-3] com.product.service.ProductService       : getProductById() called from service layer
2024-08-28T15:43:30.074+05:30  INFO 24832 --- [product] [http-nio-9094-exec-3] com.product.service.ProductService       : ======================================
2024-08-28T15:43:30.076+05:30  INFO 24832 --- [product] [http-nio-9094-exec-3] com.product.service.ProductService       : getProductById() ended from service layer
2024-08-28T15:43:30.076+05:30  INFO 24832 --- [product] [http-nio-9094-exec-3] c.product.controller.ProductController   : product=Product(productId=4, productName=Kurkure, category=Snacks, unitPrice=10, stock=100, stockValue=1000, description=masala munch)
2024-08-28T15:43:30.088+05:30  INFO 24832 --- [product] [http-nio-9094-exec-3] c.product.controller.ProductController   : getCustomerByID() ended from product controller
2024-08-28T15:43:30.088+05:30  INFO 24832 --- [product] [http-nio-9094-exec-3] c.product.controller.ProductController   : ======================================
2024-08-28T15:43:34.050+05:30  INFO 24832 --- [product] [http-nio-9094-exec-7] c.product.controller.ProductController   : ======================================
2024-08-28T15:43:34.050+05:30  INFO 24832 --- [product] [http-nio-9094-exec-7] c.product.controller.ProductController   : getCustomerByID() called from product controller
2024-08-28T15:43:34.050+05:30  INFO 24832 --- [product] [http-nio-9094-exec-7] com.product.service.ProductService       : ======================================
2024-08-28T15:43:34.050+05:30  INFO 24832 --- [product] [http-nio-9094-exec-7] com.product.service.ProductService       : getProductById() called from service layer
2024-08-28T15:43:34.058+05:30 ERROR 24832 --- [product] [http-nio-9094-exec-7] com.product.service.ProductService       : product id not found for id=5
2024-08-28T15:43:34.058+05:30  INFO 24832 --- [product] [http-nio-9094-exec-7] com.product.service.ProductService       : ======================================
2024-08-28T15:43:34.069+05:30  WARN 24832 --- [product] [http-nio-9094-exec-7] .m.m.a.ExceptionHandlerExceptionResolver : Resolved [com.product.Exception.ProductNotFoundException: Product with id :5 not found]
2024-08-28T15:43:47.174+05:30  INFO 24832 --- [product] [http-nio-9094-exec-8] c.product.controller.ProductController   : ======================================
2024-08-28T15:43:47.175+05:30  INFO 24832 --- [product] [http-nio-9094-exec-8] c.product.controller.ProductController   : getProductByName() called from product controller
2024-08-28T15:43:47.175+05:30  INFO 24832 --- [product] [http-nio-9094-exec-8] com.product.service.ProductService       : ======================================
2024-08-28T15:43:47.175+05:30  INFO 24832 --- [product] [http-nio-9094-exec-8] com.product.service.ProductService       : getProductByName() called from service layer
2024-08-28T15:43:47.460+05:30  INFO 24832 --- [product] [http-nio-9094-exec-8] com.product.service.ProductService       : ======================================
2024-08-28T15:43:47.461+05:30  INFO 24832 --- [product] [http-nio-9094-exec-8] com.product.service.ProductService       : getProductByName() ended from service layer
2024-08-28T15:43:47.461+05:30  INFO 24832 --- [product] [http-nio-9094-exec-8] c.product.controller.ProductController   : productlist=[Product(productId=1, productName=Kurkure, category=Snacks, unitPrice=10, stock=99, stockValue=990, description=All Time Snacks), Product(productId=4, productName=Kurkure, category=Snacks, unitPrice=10, stock=100, stockValue=1000, description=masala munch)]
2024-08-28T15:43:47.461+05:30  INFO 24832 --- [product] [http-nio-9094-exec-8] c.product.controller.ProductController   : getProductByName() ended from product controller
2024-08-28T15:43:47.461+05:30  INFO 24832 --- [product] [http-nio-9094-exec-8] c.product.controller.ProductController   : ======================================
2024-08-28T15:44:10.640+05:30  INFO 24832 --- [product] [http-nio-9094-exec-10] c.product.controller.ProductController   : ======================================
2024-08-28T15:44:10.642+05:30  INFO 24832 --- [product] [http-nio-9094-exec-10] c.product.controller.ProductController   : getProductByCategory() called from product controller
2024-08-28T15:44:10.645+05:30  INFO 24832 --- [product] [http-nio-9094-exec-10] com.product.service.ProductService       : ======================================
2024-08-28T15:44:10.645+05:30  INFO 24832 --- [product] [http-nio-9094-exec-10] com.product.service.ProductService       : getProductByCategory() called from service layer
2024-08-28T15:44:10.655+05:30  INFO 24832 --- [product] [http-nio-9094-exec-10] com.product.service.ProductService       : ======================================
2024-08-28T15:44:10.655+05:30  INFO 24832 --- [product] [http-nio-9094-exec-10] com.product.service.ProductService       : getProductByCategory() ended from service layer
2024-08-28T15:44:10.655+05:30  INFO 24832 --- [product] [http-nio-9094-exec-10] c.product.controller.ProductController   : productlist=[Product(productId=1, productName=Kurkure, category=Snacks, unitPrice=10, stock=99, stockValue=990, description=All Time Snacks), Product(productId=4, productName=Kurkure, category=Snacks, unitPrice=10, stock=100, stockValue=1000, description=masala munch)]
2024-08-28T15:44:10.655+05:30  INFO 24832 --- [product] [http-nio-9094-exec-10] c.product.controller.ProductController   : getProductByCategory() ended from product controller
2024-08-28T15:44:10.655+05:30  INFO 24832 --- [product] [http-nio-9094-exec-10] c.product.controller.ProductController   : ======================================
2024-08-28T15:44:29.107+05:30  INFO 24832 --- [product] [http-nio-9094-exec-1] c.product.controller.ProductController   : ======================================
2024-08-28T15:44:29.108+05:30  INFO 24832 --- [product] [http-nio-9094-exec-1] c.product.controller.ProductController   : removeFromStockBasedOnId() called from product controller
2024-08-28T15:44:29.108+05:30  INFO 24832 --- [product] [http-nio-9094-exec-1] com.product.service.ProductService       : ======================================
2024-08-28T15:44:29.108+05:30  INFO 24832 --- [product] [http-nio-9094-exec-1] com.product.service.ProductService       : removeFromStockBasedOnId() called from service layer
2024-08-28T15:44:29.165+05:30  INFO 24832 --- [product] [http-nio-9094-exec-1] com.product.service.ProductService       : ======================================
2024-08-28T15:44:29.165+05:30  INFO 24832 --- [product] [http-nio-9094-exec-1] com.product.service.ProductService       : removeFromStockBasedOnId() ended from service layer
2024-08-28T15:44:29.165+05:30  INFO 24832 --- [product] [http-nio-9094-exec-1] c.product.controller.ProductController   : product=Product(productId=4, productName=Kurkure, category=Snacks, unitPrice=10, stock=90, stockValue=900, description=masala munch)
2024-08-28T15:44:29.165+05:30  INFO 24832 --- [product] [http-nio-9094-exec-1] c.product.controller.ProductController   : removeFromStockBasedOnId() ended from product controller
2024-08-28T15:44:29.165+05:30  INFO 24832 --- [product] [http-nio-9094-exec-1] c.product.controller.ProductController   : ======================================
2024-08-28T15:44:48.626+05:30  INFO 24832 --- [product] [http-nio-9094-exec-5] c.product.controller.ProductController   : ======================================
2024-08-28T15:44:48.626+05:30  INFO 24832 --- [product] [http-nio-9094-exec-5] c.product.controller.ProductController   : addNoOfStock() called from product controller
2024-08-28T15:44:48.626+05:30  INFO 24832 --- [product] [http-nio-9094-exec-5] com.product.service.ProductService       : ======================================
2024-08-28T15:44:48.626+05:30  INFO 24832 --- [product] [http-nio-9094-exec-5] com.product.service.ProductService       : addToStockBasedOnId() called from service layer
2024-08-28T15:44:48.651+05:30  INFO 24832 --- [product] [http-nio-9094-exec-5] com.product.service.ProductService       : ======================================
2024-08-28T15:44:48.652+05:30  INFO 24832 --- [product] [http-nio-9094-exec-5] com.product.service.ProductService       : addToStockBasedOnId() ended from service layer
2024-08-28T15:44:48.652+05:30  INFO 24832 --- [product] [http-nio-9094-exec-5] c.product.controller.ProductController   : product=Product(productId=4, productName=Kurkure, category=Snacks, unitPrice=10, stock=91, stockValue=910, description=masala munch)
2024-08-28T15:44:48.652+05:30  INFO 24832 --- [product] [http-nio-9094-exec-5] c.product.controller.ProductController   : addNoOfStock() ended from product controller
2024-08-28T15:44:48.652+05:30  INFO 24832 --- [product] [http-nio-9094-exec-5] c.product.controller.ProductController   : ======================================
2024-08-28T15:44:52.447+05:30  INFO 24832 --- [product] [http-nio-9094-exec-2] c.product.controller.ProductController   : ======================================
2024-08-28T15:44:52.447+05:30  INFO 24832 --- [product] [http-nio-9094-exec-2] c.product.controller.ProductController   : addNoOfStock() called from product controller
2024-08-28T15:44:52.447+05:30  INFO 24832 --- [product] [http-nio-9094-exec-2] com.product.service.ProductService       : ======================================
2024-08-28T15:44:52.447+05:30  INFO 24832 --- [product] [http-nio-9094-exec-2] com.product.service.ProductService       : addToStockBasedOnId() called from service layer
2024-08-28T15:44:52.467+05:30  INFO 24832 --- [product] [http-nio-9094-exec-2] com.product.service.ProductService       : ======================================
2024-08-28T15:44:52.467+05:30  INFO 24832 --- [product] [http-nio-9094-exec-2] com.product.service.ProductService       : addToStockBasedOnId() ended from service layer
2024-08-28T15:44:52.467+05:30  INFO 24832 --- [product] [http-nio-9094-exec-2] c.product.controller.ProductController   : product=Product(productId=4, productName=Kurkure, category=Snacks, unitPrice=10, stock=92, stockValue=920, description=masala munch)
2024-08-28T15:44:52.467+05:30  INFO 24832 --- [product] [http-nio-9094-exec-2] c.product.controller.ProductController   : addNoOfStock() ended from product controller
2024-08-28T15:44:52.467+05:30  INFO 24832 --- [product] [http-nio-9094-exec-2] c.product.controller.ProductController   : ======================================
2024-08-28T15:45:35.970+05:30  INFO 24832 --- [product] [http-nio-9094-exec-3] c.product.controller.ProductController   : ======================================
2024-08-28T15:45:35.970+05:30  INFO 24832 --- [product] [http-nio-9094-exec-3] c.product.controller.ProductController   : getCustomerByID() called from product controller
2024-08-28T15:45:35.970+05:30  INFO 24832 --- [product] [http-nio-9094-exec-3] com.product.service.ProductService       : ======================================
2024-08-28T15:45:35.970+05:30  INFO 24832 --- [product] [http-nio-9094-exec-3] com.product.service.ProductService       : getProductById() called from service layer
2024-08-28T15:45:35.983+05:30  INFO 24832 --- [product] [http-nio-9094-exec-3] com.product.service.ProductService       : ======================================
2024-08-28T15:45:35.983+05:30  INFO 24832 --- [product] [http-nio-9094-exec-3] com.product.service.ProductService       : getProductById() ended from service layer
2024-08-28T15:45:35.983+05:30  INFO 24832 --- [product] [http-nio-9094-exec-3] c.product.controller.ProductController   : product=Product(productId=4, productName=Kurkure, category=Snacks, unitPrice=10, stock=92, stockValue=920, description=masala munch)
2024-08-28T15:45:35.984+05:30  INFO 24832 --- [product] [http-nio-9094-exec-3] c.product.controller.ProductController   : getCustomerByID() ended from product controller
2024-08-28T15:45:35.984+05:30  INFO 24832 --- [product] [http-nio-9094-exec-3] c.product.controller.ProductController   : ======================================
2024-08-28T15:45:36.027+05:30  WARN 24832 --- [product] [http-nio-9094-exec-7] .m.m.a.ExceptionHandlerExceptionResolver : Resolved [org.springframework.web.servlet.resource.NoResourceFoundException: No static resource product/removefromstock/4/10.]
2024-08-28T15:46:32.565+05:30  INFO 24832 --- [product] [AsyncResolver-bootstrap-executor-%d] c.n.d.s.r.aws.ConfigClusterResolver      : Resolving eureka endpoints via configuration
2024-08-28T15:47:19.207+05:30  INFO 24832 --- [product] [http-nio-9094-exec-9] c.product.controller.ProductController   : ======================================
2024-08-28T15:47:19.208+05:30  INFO 24832 --- [product] [http-nio-9094-exec-9] c.product.controller.ProductController   : getCustomerByID() called from product controller
2024-08-28T15:47:19.209+05:30  INFO 24832 --- [product] [http-nio-9094-exec-9] com.product.service.ProductService       : ======================================
2024-08-28T15:47:19.209+05:30  INFO 24832 --- [product] [http-nio-9094-exec-9] com.product.service.ProductService       : getProductById() called from service layer
2024-08-28T15:47:19.218+05:30  INFO 24832 --- [product] [http-nio-9094-exec-9] com.product.service.ProductService       : ======================================
2024-08-28T15:47:19.218+05:30  INFO 24832 --- [product] [http-nio-9094-exec-9] com.product.service.ProductService       : getProductById() ended from service layer
2024-08-28T15:47:19.218+05:30  INFO 24832 --- [product] [http-nio-9094-exec-9] c.product.controller.ProductController   : product=Product(productId=3, productName=One plus, category=Electronics, unitPrice=40000, stock=39, stockValue=1560000, description=Never Settel)
2024-08-28T15:47:19.218+05:30  INFO 24832 --- [product] [http-nio-9094-exec-9] c.product.controller.ProductController   : getCustomerByID() ended from product controller
2024-08-28T15:47:19.218+05:30  INFO 24832 --- [product] [http-nio-9094-exec-9] c.product.controller.ProductController   : ======================================
2024-08-28T15:47:19.229+05:30  WARN 24832 --- [product] [http-nio-9094-exec-10] .m.m.a.ExceptionHandlerExceptionResolver : Resolved [org.springframework.web.servlet.resource.NoResourceFoundException: No static resource product/removefromstock/3/10.]
2024-08-28T15:49:32.469+05:30  INFO 24832 --- [product] [http-nio-9094-exec-6] c.product.controller.ProductController   : ======================================
2024-08-28T15:49:32.469+05:30  INFO 24832 --- [product] [http-nio-9094-exec-6] c.product.controller.ProductController   : getCustomerByID() called from product controller
2024-08-28T15:49:32.469+05:30  INFO 24832 --- [product] [http-nio-9094-exec-6] com.product.service.ProductService       : ======================================
2024-08-28T15:49:32.469+05:30  INFO 24832 --- [product] [http-nio-9094-exec-6] com.product.service.ProductService       : getProductById() called from service layer
2024-08-28T15:49:32.478+05:30  INFO 24832 --- [product] [http-nio-9094-exec-6] com.product.service.ProductService       : ======================================
2024-08-28T15:49:32.478+05:30  INFO 24832 --- [product] [http-nio-9094-exec-6] com.product.service.ProductService       : getProductById() ended from service layer
2024-08-28T15:49:32.478+05:30  INFO 24832 --- [product] [http-nio-9094-exec-6] c.product.controller.ProductController   : product=Product(productId=3, productName=One plus, category=Electronics, unitPrice=40000, stock=39, stockValue=1560000, description=Never Settel)
2024-08-28T15:49:32.478+05:30  INFO 24832 --- [product] [http-nio-9094-exec-6] c.product.controller.ProductController   : getCustomerByID() ended from product controller
2024-08-28T15:49:32.478+05:30  INFO 24832 --- [product] [http-nio-9094-exec-6] c.product.controller.ProductController   : ======================================
2024-08-28T15:49:32.493+05:30  WARN 24832 --- [product] [http-nio-9094-exec-1] .m.m.a.ExceptionHandlerExceptionResolver : Resolved [org.springframework.web.servlet.resource.NoResourceFoundException: No static resource product/removefromstock/3/10.]
2024-08-28T15:49:54.823+05:30  INFO 24832 --- [product] [http-nio-9094-exec-4] c.product.controller.ProductController   : ======================================
2024-08-28T15:49:54.824+05:30  INFO 24832 --- [product] [http-nio-9094-exec-4] c.product.controller.ProductController   : getCustomerByID() called from product controller
2024-08-28T15:49:54.825+05:30  INFO 24832 --- [product] [http-nio-9094-exec-4] com.product.service.ProductService       : ======================================
2024-08-28T15:49:54.825+05:30  INFO 24832 --- [product] [http-nio-9094-exec-4] com.product.service.ProductService       : getProductById() called from service layer
2024-08-28T15:49:54.831+05:30  INFO 24832 --- [product] [http-nio-9094-exec-4] com.product.service.ProductService       : ======================================
2024-08-28T15:49:54.833+05:30  INFO 24832 --- [product] [http-nio-9094-exec-4] com.product.service.ProductService       : getProductById() ended from service layer
2024-08-28T15:49:54.834+05:30  INFO 24832 --- [product] [http-nio-9094-exec-4] c.product.controller.ProductController   : product=Product(productId=4, productName=Kurkure, category=Snacks, unitPrice=10, stock=92, stockValue=920, description=masala munch)
2024-08-28T15:49:54.834+05:30  INFO 24832 --- [product] [http-nio-9094-exec-4] c.product.controller.ProductController   : getCustomerByID() ended from product controller
2024-08-28T15:49:54.834+05:30  INFO 24832 --- [product] [http-nio-9094-exec-4] c.product.controller.ProductController   : ======================================
2024-08-28T15:49:54.854+05:30  WARN 24832 --- [product] [http-nio-9094-exec-5] .m.m.a.ExceptionHandlerExceptionResolver : Resolved [org.springframework.web.servlet.resource.NoResourceFoundException: No static resource product/removefromstock/4/10.]
2024-08-28T15:51:32.574+05:30  INFO 24832 --- [product] [AsyncResolver-bootstrap-executor-%d] c.n.d.s.r.aws.ConfigClusterResolver      : Resolving eureka endpoints via configuration
2024-08-28T15:53:45.937+05:30  INFO 24832 --- [product] [http-nio-9094-exec-2] c.product.controller.ProductController   : ======================================
2024-08-28T15:53:45.938+05:30  INFO 24832 --- [product] [http-nio-9094-exec-2] c.product.controller.ProductController   : getCustomerByID() called from product controller
2024-08-28T15:53:45.939+05:30  INFO 24832 --- [product] [http-nio-9094-exec-2] com.product.service.ProductService       : ======================================
2024-08-28T15:53:45.939+05:30  INFO 24832 --- [product] [http-nio-9094-exec-2] com.product.service.ProductService       : getProductById() called from service layer
2024-08-28T15:53:45.951+05:30  INFO 24832 --- [product] [http-nio-9094-exec-2] com.product.service.ProductService       : ======================================
2024-08-28T15:53:45.952+05:30  INFO 24832 --- [product] [http-nio-9094-exec-2] com.product.service.ProductService       : getProductById() ended from service layer
2024-08-28T15:53:45.952+05:30  INFO 24832 --- [product] [http-nio-9094-exec-2] c.product.controller.ProductController   : product=Product(productId=4, productName=Kurkure, category=Snacks, unitPrice=10, stock=92, stockValue=920, description=masala munch)
2024-08-28T15:53:45.952+05:30  INFO 24832 --- [product] [http-nio-9094-exec-2] c.product.controller.ProductController   : getCustomerByID() ended from product controller
2024-08-28T15:53:45.952+05:30  INFO 24832 --- [product] [http-nio-9094-exec-2] c.product.controller.ProductController   : ======================================
2024-08-28T15:53:45.973+05:30  WARN 24832 --- [product] [http-nio-9094-exec-3] .m.m.a.ExceptionHandlerExceptionResolver : Resolved [org.springframework.web.servlet.resource.NoResourceFoundException: No static resource product/removefromstock/4/10.]
2024-08-28T15:56:32.583+05:30  INFO 24832 --- [product] [AsyncResolver-bootstrap-executor-%d] c.n.d.s.r.aws.ConfigClusterResolver      : Resolving eureka endpoints via configuration
2024-08-28T15:56:38.377+05:30  INFO 24832 --- [product] [File Watcher] rtingClassPathChangeChangedEventListener : Restarting due to 4 class path changes (0 additions, 0 deletions, 4 modifications)
2024-08-28T15:56:38.428+05:30  INFO 24832 --- [product] [Thread-1] o.s.c.n.e.s.EurekaServiceRegistry        : Unregistering application PRODUCT with eureka with status DOWN
2024-08-28T15:56:38.429+05:30  INFO 24832 --- [product] [Thread-1] com.netflix.discovery.DiscoveryClient    : Saw local status change event StatusChangeEvent [timestamp=1724840798429, current=DOWN, previous=UP]
2024-08-28T15:56:38.430+05:30  INFO 24832 --- [product] [DiscoveryClient-InstanceInfoReplicator-%d] com.netflix.discovery.DiscoveryClient    : DiscoveryClient_PRODUCT/LAPTOP-9I24D6K4:product:9094: registering service...
2024-08-28T15:56:38.470+05:30  INFO 24832 --- [product] [DiscoveryClient-InstanceInfoReplicator-%d] com.netflix.discovery.DiscoveryClient    : DiscoveryClient_PRODUCT/LAPTOP-9I24D6K4:product:9094 - registration status: 204
2024-08-28T15:56:38.664+05:30  INFO 24832 --- [product] [Thread-1] j.LocalContainerEntityManagerFactoryBean : Closing JPA EntityManagerFactory for persistence unit 'default'
2024-08-28T15:56:38.719+05:30  INFO 24832 --- [product] [Thread-1] com.zaxxer.hikari.HikariDataSource       : HikariPool-1 - Shutdown initiated...
2024-08-28T15:56:38.771+05:30  INFO 24832 --- [product] [Thread-1] com.zaxxer.hikari.HikariDataSource       : HikariPool-1 - Shutdown completed.
2024-08-28T15:56:38.774+05:30  INFO 24832 --- [product] [Thread-1] com.netflix.discovery.DiscoveryClient    : Shutting down DiscoveryClient ...
2024-08-28T15:56:41.788+05:30  INFO 24832 --- [product] [Thread-1] com.netflix.discovery.DiscoveryClient    : Unregistering ...
2024-08-28T15:56:41.809+05:30  INFO 24832 --- [product] [Thread-1] com.netflix.discovery.DiscoveryClient    : DiscoveryClient_PRODUCT/LAPTOP-9I24D6K4:product:9094 - deregister  status: 200
2024-08-28T15:56:41.810+05:30  INFO 24832 --- [product] [Thread-1] com.netflix.discovery.DiscoveryClient    : Completed shut down of DiscoveryClient
2024-08-28T15:56:42.451+05:30  INFO 24832 --- [product] [restartedMain] com.product.ProductApplication           : Starting ProductApplication using Java 17.0.11 with PID 24832 (C:\Users\piyus\Desktop\PC-workspace\product\product\target\classes started by piyus in C:\Users\piyus\Desktop\PC-workspace\product\product)
2024-08-28T15:56:42.451+05:30  INFO 24832 --- [product] [restartedMain] com.product.ProductApplication           : No active profile set, falling back to 1 default profile: "default"
2024-08-28T15:56:42.883+05:30  INFO 24832 --- [product] [restartedMain] .s.d.r.c.RepositoryConfigurationDelegate : Bootstrapping Spring Data JPA repositories in DEFAULT mode.
2024-08-28T15:56:42.892+05:30  INFO 24832 --- [product] [restartedMain] .s.d.r.c.RepositoryConfigurationDelegate : Finished Spring Data repository scanning in 8 ms. Found 1 JPA repository interface.
2024-08-28T15:56:42.961+05:30  INFO 24832 --- [product] [restartedMain] o.s.cloud.context.scope.GenericScope     : BeanFactory id=ab0bb7cb-fe58-31fc-b5c3-e01adbf46888
2024-08-28T15:56:42.982+05:30  WARN 24832 --- [product] [restartedMain] trationDelegate$BeanPostProcessorChecker : Bean 'org.springframework.cloud.client.loadbalancer.LoadBalancerAutoConfiguration$DeferringLoadBalancerInterceptorConfig' of type [org.springframework.cloud.client.loadbalancer.LoadBalancerAutoConfiguration$DeferringLoadBalancerInterceptorConfig] is not eligible for getting processed by all BeanPostProcessors (for example: not eligible for auto-proxying). The currently created BeanPostProcessor [lbRestClientPostProcessor] is declared through a non-static factory method on that class; consider declaring it as static instead.
2024-08-28T15:56:42.983+05:30  WARN 24832 --- [product] [restartedMain] trationDelegate$BeanPostProcessorChecker : Bean 'deferringLoadBalancerInterceptor' of type [org.springframework.cloud.client.loadbalancer.DeferringLoadBalancerInterceptor] is not eligible for getting processed by all BeanPostProcessors (for example: not eligible for auto-proxying). Is this bean getting eagerly injected into a currently created BeanPostProcessor [lbRestClientPostProcessor]? Check the corresponding BeanPostProcessor declaration and its dependencies.
2024-08-28T15:56:43.045+05:30  INFO 24832 --- [product] [restartedMain] o.s.b.w.embedded.tomcat.TomcatWebServer  : Tomcat initialized with port 9094 (http)
2024-08-28T15:56:43.045+05:30  INFO 24832 --- [product] [restartedMain] o.apache.catalina.core.StandardService   : Starting service [Tomcat]
2024-08-28T15:56:43.046+05:30  INFO 24832 --- [product] [restartedMain] o.apache.catalina.core.StandardEngine    : Starting Servlet engine: [Apache Tomcat/10.1.26]
2024-08-28T15:56:43.074+05:30  INFO 24832 --- [product] [restartedMain] o.a.c.c.C.[.[localhost].[/client2]       : Initializing Spring embedded WebApplicationContext
2024-08-28T15:56:43.074+05:30  INFO 24832 --- [product] [restartedMain] w.s.c.ServletWebServerApplicationContext : Root WebApplicationContext: initialization completed in 621 ms
2024-08-28T15:56:43.109+05:30  INFO 24832 --- [product] [restartedMain] o.hibernate.jpa.internal.util.LogHelper  : HHH000204: Processing PersistenceUnitInfo [name: default]
2024-08-28T15:56:43.114+05:30  INFO 24832 --- [product] [restartedMain] o.h.c.internal.RegionFactoryInitiator    : HHH000026: Second-level cache disabled
2024-08-28T15:56:43.130+05:30  INFO 24832 --- [product] [restartedMain] o.s.o.j.p.SpringPersistenceUnitInfo      : No LoadTimeWeaver setup: ignoring JPA class transformer
2024-08-28T15:56:43.132+05:30  INFO 24832 --- [product] [restartedMain] com.zaxxer.hikari.HikariDataSource       : HikariPool-2 - Starting...
2024-08-28T15:56:43.145+05:30  INFO 24832 --- [product] [restartedMain] com.zaxxer.hikari.pool.HikariPool        : HikariPool-2 - Added connection com.mysql.cj.jdbc.ConnectionImpl@1c0d2b9f
2024-08-28T15:56:43.147+05:30  INFO 24832 --- [product] [restartedMain] com.zaxxer.hikari.HikariDataSource       : HikariPool-2 - Start completed.
2024-08-28T15:56:43.149+05:30  WARN 24832 --- [product] [restartedMain] org.hibernate.orm.deprecation            : HHH90000025: MySQLDialect does not need to be specified explicitly using 'hibernate.dialect' (remove the property setting and it will be selected by default)
2024-08-28T15:56:43.198+05:30  INFO 24832 --- [product] [restartedMain] o.h.e.t.j.p.i.JtaPlatformInitiator       : HHH000489: No JTA platform available (set 'hibernate.transaction.jta.platform' to enable JTA platform integration)
2024-08-28T15:56:43.229+05:30  INFO 24832 --- [product] [restartedMain] j.LocalContainerEntityManagerFactoryBean : Initialized JPA EntityManagerFactory for persistence unit 'default'
2024-08-28T15:56:43.307+05:30  WARN 24832 --- [product] [restartedMain] JpaBaseConfiguration$JpaWebConfiguration : spring.jpa.open-in-view is enabled by default. Therefore, database queries may be performed during view rendering. Explicitly configure spring.jpa.open-in-view to disable this warning
2024-08-28T15:56:43.456+05:30  WARN 24832 --- [product] [restartedMain] o.s.b.d.a.OptionalLiveReloadServer       : Unable to start LiveReload server
2024-08-28T15:56:43.736+05:30  INFO 24832 --- [product] [restartedMain] DiscoveryClientOptionalArgsConfiguration : Eureka HTTP Client uses RestTemplate.
2024-08-28T15:56:43.763+05:30  WARN 24832 --- [product] [restartedMain] iguration$LoadBalancerCaffeineWarnLogger : Spring Cloud LoadBalancer is currently working with the default cache. While this cache implementation is useful for development and tests, it's recommended to use Caffeine cache in production.You can switch to using Caffeine cache, by adding it and org.springframework.cache.caffeine.CaffeineCacheManager to the classpath.
2024-08-28T15:56:43.778+05:30  INFO 24832 --- [product] [restartedMain] o.s.c.n.eureka.InstanceInfoFactory       : Setting initial instance status as: STARTING
2024-08-28T15:56:43.783+05:30  INFO 24832 --- [product] [restartedMain] com.netflix.discovery.DiscoveryClient    : Initializing Eureka in region us-east-1
2024-08-28T15:56:43.783+05:30  INFO 24832 --- [product] [restartedMain] c.n.d.s.r.aws.ConfigClusterResolver      : Resolving eureka endpoints via configuration
2024-08-28T15:56:43.783+05:30  INFO 24832 --- [product] [restartedMain] com.netflix.discovery.DiscoveryClient    : Disable delta property : false
2024-08-28T15:56:43.784+05:30  INFO 24832 --- [product] [restartedMain] com.netflix.discovery.DiscoveryClient    : Single vip registry refresh property : null
2024-08-28T15:56:43.784+05:30  INFO 24832 --- [product] [restartedMain] com.netflix.discovery.DiscoveryClient    : Force full registry fetch : false
2024-08-28T15:56:43.784+05:30  INFO 24832 --- [product] [restartedMain] com.netflix.discovery.DiscoveryClient    : Application is null : false
2024-08-28T15:56:43.784+05:30  INFO 24832 --- [product] [restartedMain] com.netflix.discovery.DiscoveryClient    : Registered Applications size is zero : true
2024-08-28T15:56:43.784+05:30  INFO 24832 --- [product] [restartedMain] com.netflix.discovery.DiscoveryClient    : Application version is -1: true
2024-08-28T15:56:43.784+05:30  INFO 24832 --- [product] [restartedMain] com.netflix.discovery.DiscoveryClient    : Getting all instance registry info from the eureka server
2024-08-28T15:56:43.830+05:30  INFO 24832 --- [product] [restartedMain] com.netflix.discovery.DiscoveryClient    : The response status is 200
2024-08-28T15:56:43.831+05:30  INFO 24832 --- [product] [restartedMain] com.netflix.discovery.DiscoveryClient    : Starting heartbeat executor: renew interval is: 30
2024-08-28T15:56:43.832+05:30  INFO 24832 --- [product] [restartedMain] c.n.discovery.InstanceInfoReplicator     : InstanceInfoReplicator onDemand update allowed rate per min is 4
2024-08-28T15:56:43.833+05:30  INFO 24832 --- [product] [restartedMain] com.netflix.discovery.DiscoveryClient    : Discovery Client initialized at timestamp 1724840803833 with initial instances count: 3
2024-08-28T15:56:43.841+05:30  INFO 24832 --- [product] [restartedMain] o.s.c.n.e.s.EurekaServiceRegistry        : Registering application PRODUCT with eureka with status UP
2024-08-28T15:56:43.841+05:30  INFO 24832 --- [product] [restartedMain] com.netflix.discovery.DiscoveryClient    : Saw local status change event StatusChangeEvent [timestamp=1724840803841, current=UP, previous=STARTING]
2024-08-28T15:56:43.842+05:30  INFO 24832 --- [product] [DiscoveryClient-InstanceInfoReplicator-%d] com.netflix.discovery.DiscoveryClient    : DiscoveryClient_PRODUCT/LAPTOP-9I24D6K4:product:9094: registering service...
2024-08-28T15:56:43.847+05:30  INFO 24832 --- [product] [restartedMain] o.s.b.w.embedded.tomcat.TomcatWebServer  : Tomcat started on port 9094 (http) with context path '/client2'
2024-08-28T15:56:43.848+05:30  INFO 24832 --- [product] [restartedMain] .s.c.n.e.s.EurekaAutoServiceRegistration : Updating port to 9094
2024-08-28T15:56:43.884+05:30  INFO 24832 --- [product] [DiscoveryClient-InstanceInfoReplicator-%d] com.netflix.discovery.DiscoveryClient    : DiscoveryClient_PRODUCT/LAPTOP-9I24D6K4:product:9094 - registration status: 204
2024-08-28T15:56:43.993+05:30  INFO 24832 --- [product] [restartedMain] com.product.ProductApplication           : Started ProductApplication in 1.762 seconds (process running for 1220.42)
2024-08-28T15:56:43.999+05:30  INFO 24832 --- [product] [restartedMain] .ConditionEvaluationDeltaLoggingListener : Condition evaluation unchanged
2024-08-28T15:57:22.733+05:30  INFO 24832 --- [product] [File Watcher] rtingClassPathChangeChangedEventListener : Restarting due to 1 class path change (0 additions, 0 deletions, 1 modification)
2024-08-28T15:57:22.736+05:30  INFO 24832 --- [product] [Thread-7] o.s.c.n.e.s.EurekaServiceRegistry        : Unregistering application PRODUCT with eureka with status DOWN
2024-08-28T15:57:22.737+05:30  INFO 24832 --- [product] [Thread-7] com.netflix.discovery.DiscoveryClient    : Saw local status change event StatusChangeEvent [timestamp=1724840842737, current=DOWN, previous=UP]
2024-08-28T15:57:22.737+05:30  INFO 24832 --- [product] [DiscoveryClient-InstanceInfoReplicator-%d] com.netflix.discovery.DiscoveryClient    : DiscoveryClient_PRODUCT/LAPTOP-9I24D6K4:product:9094: registering service...
2024-08-28T15:57:22.751+05:30  INFO 24832 --- [product] [DiscoveryClient-InstanceInfoReplicator-%d] com.netflix.discovery.DiscoveryClient    : DiscoveryClient_PRODUCT/LAPTOP-9I24D6K4:product:9094 - registration status: 204
2024-08-28T15:57:23.031+05:30  INFO 24832 --- [product] [Thread-7] j.LocalContainerEntityManagerFactoryBean : Closing JPA EntityManagerFactory for persistence unit 'default'
2024-08-28T15:57:23.033+05:30  INFO 24832 --- [product] [Thread-7] com.zaxxer.hikari.HikariDataSource       : HikariPool-2 - Shutdown initiated...
2024-08-28T15:57:23.038+05:30  INFO 24832 --- [product] [Thread-7] com.zaxxer.hikari.HikariDataSource       : HikariPool-2 - Shutdown completed.
2024-08-28T15:57:23.040+05:30  INFO 24832 --- [product] [Thread-7] com.netflix.discovery.DiscoveryClient    : Shutting down DiscoveryClient ...
2024-08-28T15:57:26.041+05:30  INFO 24832 --- [product] [Thread-7] com.netflix.discovery.DiscoveryClient    : Unregistering ...
2024-08-28T15:57:26.062+05:30  INFO 24832 --- [product] [Thread-7] com.netflix.discovery.DiscoveryClient    : DiscoveryClient_PRODUCT/LAPTOP-9I24D6K4:product:9094 - deregister  status: 200
2024-08-28T15:57:26.064+05:30  INFO 24832 --- [product] [Thread-7] com.netflix.discovery.DiscoveryClient    : Completed shut down of DiscoveryClient
2024-08-28T15:57:26.284+05:30  INFO 24832 --- [product] [restartedMain] com.product.ProductApplication           : Starting ProductApplication using Java 17.0.11 with PID 24832 (C:\Users\piyus\Desktop\PC-workspace\product\product\target\classes started by piyus in C:\Users\piyus\Desktop\PC-workspace\product\product)
2024-08-28T15:57:26.285+05:30  INFO 24832 --- [product] [restartedMain] com.product.ProductApplication           : No active profile set, falling back to 1 default profile: "default"
2024-08-28T15:57:26.508+05:30  INFO 24832 --- [product] [restartedMain] .s.d.r.c.RepositoryConfigurationDelegate : Bootstrapping Spring Data JPA repositories in DEFAULT mode.
2024-08-28T15:57:26.516+05:30  INFO 24832 --- [product] [restartedMain] .s.d.r.c.RepositoryConfigurationDelegate : Finished Spring Data repository scanning in 6 ms. Found 1 JPA repository interface.
2024-08-28T15:57:26.585+05:30  INFO 24832 --- [product] [restartedMain] o.s.cloud.context.scope.GenericScope     : BeanFactory id=ab0bb7cb-fe58-31fc-b5c3-e01adbf46888
2024-08-28T15:57:26.605+05:30  WARN 24832 --- [product] [restartedMain] trationDelegate$BeanPostProcessorChecker : Bean 'org.springframework.cloud.client.loadbalancer.LoadBalancerAutoConfiguration$DeferringLoadBalancerInterceptorConfig' of type [org.springframework.cloud.client.loadbalancer.LoadBalancerAutoConfiguration$DeferringLoadBalancerInterceptorConfig] is not eligible for getting processed by all BeanPostProcessors (for example: not eligible for auto-proxying). The currently created BeanPostProcessor [lbRestClientPostProcessor] is declared through a non-static factory method on that class; consider declaring it as static instead.
2024-08-28T15:57:26.605+05:30  WARN 24832 --- [product] [restartedMain] trationDelegate$BeanPostProcessorChecker : Bean 'deferringLoadBalancerInterceptor' of type [org.springframework.cloud.client.loadbalancer.DeferringLoadBalancerInterceptor] is not eligible for getting processed by all BeanPostProcessors (for example: not eligible for auto-proxying). Is this bean getting eagerly injected into a currently created BeanPostProcessor [lbRestClientPostProcessor]? Check the corresponding BeanPostProcessor declaration and its dependencies.
2024-08-28T15:57:26.645+05:30  INFO 24832 --- [product] [restartedMain] o.s.b.w.embedded.tomcat.TomcatWebServer  : Tomcat initialized with port 9094 (http)
2024-08-28T15:57:26.647+05:30  INFO 24832 --- [product] [restartedMain] o.apache.catalina.core.StandardService   : Starting service [Tomcat]
2024-08-28T15:57:26.648+05:30  INFO 24832 --- [product] [restartedMain] o.apache.catalina.core.StandardEngine    : Starting Servlet engine: [Apache Tomcat/10.1.26]
2024-08-28T15:57:26.683+05:30  INFO 24832 --- [product] [restartedMain] o.a.c.c.C.[.[localhost].[/client2]       : Initializing Spring embedded WebApplicationContext
2024-08-28T15:57:26.684+05:30  INFO 24832 --- [product] [restartedMain] w.s.c.ServletWebServerApplicationContext : Root WebApplicationContext: initialization completed in 397 ms
2024-08-28T15:57:26.712+05:30  INFO 24832 --- [product] [restartedMain] o.hibernate.jpa.internal.util.LogHelper  : HHH000204: Processing PersistenceUnitInfo [name: default]
2024-08-28T15:57:26.714+05:30  INFO 24832 --- [product] [restartedMain] o.h.c.internal.RegionFactoryInitiator    : HHH000026: Second-level cache disabled
2024-08-28T15:57:26.725+05:30  INFO 24832 --- [product] [restartedMain] o.s.o.j.p.SpringPersistenceUnitInfo      : No LoadTimeWeaver setup: ignoring JPA class transformer
2024-08-28T15:57:26.726+05:30  INFO 24832 --- [product] [restartedMain] com.zaxxer.hikari.HikariDataSource       : HikariPool-3 - Starting...
2024-08-28T15:57:26.732+05:30  INFO 24832 --- [product] [restartedMain] com.zaxxer.hikari.pool.HikariPool        : HikariPool-3 - Added connection com.mysql.cj.jdbc.ConnectionImpl@4bd75f59
2024-08-28T15:57:26.732+05:30  INFO 24832 --- [product] [restartedMain] com.zaxxer.hikari.HikariDataSource       : HikariPool-3 - Start completed.
2024-08-28T15:57:26.733+05:30  WARN 24832 --- [product] [restartedMain] org.hibernate.orm.deprecation            : HHH90000025: MySQLDialect does not need to be specified explicitly using 'hibernate.dialect' (remove the property setting and it will be selected by default)
2024-08-28T15:57:26.775+05:30  INFO 24832 --- [product] [restartedMain] o.h.e.t.j.p.i.JtaPlatformInitiator       : HHH000489: No JTA platform available (set 'hibernate.transaction.jta.platform' to enable JTA platform integration)
2024-08-28T15:57:26.793+05:30  INFO 24832 --- [product] [restartedMain] j.LocalContainerEntityManagerFactoryBean : Initialized JPA EntityManagerFactory for persistence unit 'default'
2024-08-28T15:57:26.863+05:30  WARN 24832 --- [product] [restartedMain] JpaBaseConfiguration$JpaWebConfiguration : spring.jpa.open-in-view is enabled by default. Therefore, database queries may be performed during view rendering. Explicitly configure spring.jpa.open-in-view to disable this warning
2024-08-28T15:57:26.983+05:30  WARN 24832 --- [product] [restartedMain] o.s.b.d.a.OptionalLiveReloadServer       : Unable to start LiveReload server
2024-08-28T15:57:27.148+05:30  INFO 24832 --- [product] [restartedMain] DiscoveryClientOptionalArgsConfiguration : Eureka HTTP Client uses RestTemplate.
2024-08-28T15:57:27.163+05:30  WARN 24832 --- [product] [restartedMain] iguration$LoadBalancerCaffeineWarnLogger : Spring Cloud LoadBalancer is currently working with the default cache. While this cache implementation is useful for development and tests, it's recommended to use Caffeine cache in production.You can switch to using Caffeine cache, by adding it and org.springframework.cache.caffeine.CaffeineCacheManager to the classpath.
2024-08-28T15:57:27.172+05:30  INFO 24832 --- [product] [restartedMain] o.s.c.n.eureka.InstanceInfoFactory       : Setting initial instance status as: STARTING
2024-08-28T15:57:27.174+05:30  INFO 24832 --- [product] [restartedMain] com.netflix.discovery.DiscoveryClient    : Initializing Eureka in region us-east-1
2024-08-28T15:57:27.174+05:30  INFO 24832 --- [product] [restartedMain] c.n.d.s.r.aws.ConfigClusterResolver      : Resolving eureka endpoints via configuration
2024-08-28T15:57:27.174+05:30  INFO 24832 --- [product] [restartedMain] com.netflix.discovery.DiscoveryClient    : Disable delta property : false
2024-08-28T15:57:27.174+05:30  INFO 24832 --- [product] [restartedMain] com.netflix.discovery.DiscoveryClient    : Single vip registry refresh property : null
2024-08-28T15:57:27.174+05:30  INFO 24832 --- [product] [restartedMain] com.netflix.discovery.DiscoveryClient    : Force full registry fetch : false
2024-08-28T15:57:27.174+05:30  INFO 24832 --- [product] [restartedMain] com.netflix.discovery.DiscoveryClient    : Application is null : false
2024-08-28T15:57:27.174+05:30  INFO 24832 --- [product] [restartedMain] com.netflix.discovery.DiscoveryClient    : Registered Applications size is zero : true
2024-08-28T15:57:27.174+05:30  INFO 24832 --- [product] [restartedMain] com.netflix.discovery.DiscoveryClient    : Application version is -1: true
2024-08-28T15:57:27.174+05:30  INFO 24832 --- [product] [restartedMain] com.netflix.discovery.DiscoveryClient    : Getting all instance registry info from the eureka server
2024-08-28T15:57:27.200+05:30  INFO 24832 --- [product] [restartedMain] com.netflix.discovery.DiscoveryClient    : The response status is 200
2024-08-28T15:57:27.200+05:30  INFO 24832 --- [product] [restartedMain] com.netflix.discovery.DiscoveryClient    : Starting heartbeat executor: renew interval is: 30
2024-08-28T15:57:27.201+05:30  INFO 24832 --- [product] [restartedMain] c.n.discovery.InstanceInfoReplicator     : InstanceInfoReplicator onDemand update allowed rate per min is 4
2024-08-28T15:57:27.201+05:30  INFO 24832 --- [product] [restartedMain] com.netflix.discovery.DiscoveryClient    : Discovery Client initialized at timestamp 1724840847201 with initial instances count: 3
2024-08-28T15:57:27.202+05:30  INFO 24832 --- [product] [restartedMain] o.s.c.n.e.s.EurekaServiceRegistry        : Registering application PRODUCT with eureka with status UP
2024-08-28T15:57:27.202+05:30  INFO 24832 --- [product] [restartedMain] com.netflix.discovery.DiscoveryClient    : Saw local status change event StatusChangeEvent [timestamp=1724840847202, current=UP, previous=STARTING]
2024-08-28T15:57:27.202+05:30  INFO 24832 --- [product] [DiscoveryClient-InstanceInfoReplicator-%d] com.netflix.discovery.DiscoveryClient    : DiscoveryClient_PRODUCT/LAPTOP-9I24D6K4:product:9094: registering service...
2024-08-28T15:57:27.208+05:30  INFO 24832 --- [product] [restartedMain] o.s.b.w.embedded.tomcat.TomcatWebServer  : Tomcat started on port 9094 (http) with context path '/client2'
2024-08-28T15:57:27.209+05:30  INFO 24832 --- [product] [restartedMain] .s.c.n.e.s.EurekaAutoServiceRegistration : Updating port to 9094
2024-08-28T15:57:27.220+05:30  INFO 24832 --- [product] [DiscoveryClient-InstanceInfoReplicator-%d] com.netflix.discovery.DiscoveryClient    : DiscoveryClient_PRODUCT/LAPTOP-9I24D6K4:product:9094 - registration status: 204
2024-08-28T15:57:27.297+05:30  INFO 24832 --- [product] [restartedMain] com.product.ProductApplication           : Started ProductApplication in 1.135 seconds (process running for 1263.723)
2024-08-28T15:57:27.300+05:30  INFO 24832 --- [product] [restartedMain] .ConditionEvaluationDeltaLoggingListener : Condition evaluation unchanged
2024-08-28T15:58:00.085+05:30  INFO 24832 --- [product] [File Watcher] rtingClassPathChangeChangedEventListener : Restarting due to 1 class path change (0 additions, 0 deletions, 1 modification)
2024-08-28T15:58:00.087+05:30  INFO 24832 --- [product] [Thread-13] o.s.c.n.e.s.EurekaServiceRegistry        : Unregistering application PRODUCT with eureka with status DOWN
2024-08-28T15:58:00.087+05:30  INFO 24832 --- [product] [Thread-13] com.netflix.discovery.DiscoveryClient    : Saw local status change event StatusChangeEvent [timestamp=1724840880087, current=DOWN, previous=UP]
2024-08-28T15:58:00.087+05:30  INFO 24832 --- [product] [DiscoveryClient-InstanceInfoReplicator-%d] com.netflix.discovery.DiscoveryClient    : DiscoveryClient_PRODUCT/LAPTOP-9I24D6K4:product:9094: registering service...
2024-08-28T15:58:00.102+05:30  INFO 24832 --- [product] [DiscoveryClient-InstanceInfoReplicator-%d] com.netflix.discovery.DiscoveryClient    : DiscoveryClient_PRODUCT/LAPTOP-9I24D6K4:product:9094 - registration status: 204
2024-08-28T15:58:00.388+05:30  INFO 24832 --- [product] [Thread-13] j.LocalContainerEntityManagerFactoryBean : Closing JPA EntityManagerFactory for persistence unit 'default'
2024-08-28T15:58:00.390+05:30  INFO 24832 --- [product] [Thread-13] com.zaxxer.hikari.HikariDataSource       : HikariPool-3 - Shutdown initiated...
2024-08-28T15:58:00.393+05:30  INFO 24832 --- [product] [Thread-13] com.zaxxer.hikari.HikariDataSource       : HikariPool-3 - Shutdown completed.
2024-08-28T15:58:00.395+05:30  INFO 24832 --- [product] [Thread-13] com.netflix.discovery.DiscoveryClient    : Shutting down DiscoveryClient ...
2024-08-28T15:58:03.408+05:30  INFO 24832 --- [product] [Thread-13] com.netflix.discovery.DiscoveryClient    : Unregistering ...
2024-08-28T15:58:03.428+05:30  INFO 24832 --- [product] [Thread-13] com.netflix.discovery.DiscoveryClient    : DiscoveryClient_PRODUCT/LAPTOP-9I24D6K4:product:9094 - deregister  status: 200
2024-08-28T15:58:03.429+05:30  INFO 24832 --- [product] [Thread-13] com.netflix.discovery.DiscoveryClient    : Completed shut down of DiscoveryClient
2024-08-28T15:58:03.614+05:30  INFO 24832 --- [product] [restartedMain] com.product.ProductApplication           : Starting ProductApplication using Java 17.0.11 with PID 24832 (C:\Users\piyus\Desktop\PC-workspace\product\product\target\classes started by piyus in C:\Users\piyus\Desktop\PC-workspace\product\product)
2024-08-28T15:58:03.615+05:30  INFO 24832 --- [product] [restartedMain] com.product.ProductApplication           : No active profile set, falling back to 1 default profile: "default"
2024-08-28T15:58:03.973+05:30  INFO 24832 --- [product] [restartedMain] .s.d.r.c.RepositoryConfigurationDelegate : Bootstrapping Spring Data JPA repositories in DEFAULT mode.
2024-08-28T15:58:03.989+05:30  INFO 24832 --- [product] [restartedMain] .s.d.r.c.RepositoryConfigurationDelegate : Finished Spring Data repository scanning in 16 ms. Found 1 JPA repository interface.
2024-08-28T15:58:04.119+05:30  INFO 24832 --- [product] [restartedMain] o.s.cloud.context.scope.GenericScope     : BeanFactory id=ab0bb7cb-fe58-31fc-b5c3-e01adbf46888
2024-08-28T15:58:04.135+05:30  WARN 24832 --- [product] [restartedMain] trationDelegate$BeanPostProcessorChecker : Bean 'org.springframework.cloud.client.loadbalancer.LoadBalancerAutoConfiguration$DeferringLoadBalancerInterceptorConfig' of type [org.springframework.cloud.client.loadbalancer.LoadBalancerAutoConfiguration$DeferringLoadBalancerInterceptorConfig] is not eligible for getting processed by all BeanPostProcessors (for example: not eligible for auto-proxying). The currently created BeanPostProcessor [lbRestClientPostProcessor] is declared through a non-static factory method on that class; consider declaring it as static instead.
2024-08-28T15:58:04.136+05:30  WARN 24832 --- [product] [restartedMain] trationDelegate$BeanPostProcessorChecker : Bean 'deferringLoadBalancerInterceptor' of type [org.springframework.cloud.client.loadbalancer.DeferringLoadBalancerInterceptor] is not eligible for getting processed by all BeanPostProcessors (for example: not eligible for auto-proxying). Is this bean getting eagerly injected into a currently created BeanPostProcessor [lbRestClientPostProcessor]? Check the corresponding BeanPostProcessor declaration and its dependencies.
2024-08-28T15:58:04.173+05:30  INFO 24832 --- [product] [restartedMain] o.s.b.w.embedded.tomcat.TomcatWebServer  : Tomcat initialized with port 9094 (http)
2024-08-28T15:58:04.175+05:30  INFO 24832 --- [product] [restartedMain] o.apache.catalina.core.StandardService   : Starting service [Tomcat]
2024-08-28T15:58:04.175+05:30  INFO 24832 --- [product] [restartedMain] o.apache.catalina.core.StandardEngine    : Starting Servlet engine: [Apache Tomcat/10.1.26]
2024-08-28T15:58:04.196+05:30  INFO 24832 --- [product] [restartedMain] o.a.c.c.C.[.[localhost].[/client2]       : Initializing Spring embedded WebApplicationContext
2024-08-28T15:58:04.198+05:30  INFO 24832 --- [product] [restartedMain] w.s.c.ServletWebServerApplicationContext : Root WebApplicationContext: initialization completed in 580 ms
2024-08-28T15:58:04.220+05:30  INFO 24832 --- [product] [restartedMain] o.hibernate.jpa.internal.util.LogHelper  : HHH000204: Processing PersistenceUnitInfo [name: default]
2024-08-28T15:58:04.222+05:30  INFO 24832 --- [product] [restartedMain] o.h.c.internal.RegionFactoryInitiator    : HHH000026: Second-level cache disabled
2024-08-28T15:58:04.230+05:30  INFO 24832 --- [product] [restartedMain] o.s.o.j.p.SpringPersistenceUnitInfo      : No LoadTimeWeaver setup: ignoring JPA class transformer
2024-08-28T15:58:04.231+05:30  INFO 24832 --- [product] [restartedMain] com.zaxxer.hikari.HikariDataSource       : HikariPool-4 - Starting...
2024-08-28T15:58:04.238+05:30  INFO 24832 --- [product] [restartedMain] com.zaxxer.hikari.pool.HikariPool        : HikariPool-4 - Added connection com.mysql.cj.jdbc.ConnectionImpl@584e47b7
2024-08-28T15:58:04.238+05:30  INFO 24832 --- [product] [restartedMain] com.zaxxer.hikari.HikariDataSource       : HikariPool-4 - Start completed.
2024-08-28T15:58:04.239+05:30  WARN 24832 --- [product] [restartedMain] org.hibernate.orm.deprecation            : HHH90000025: MySQLDialect does not need to be specified explicitly using 'hibernate.dialect' (remove the property setting and it will be selected by default)
2024-08-28T15:58:04.280+05:30  INFO 24832 --- [product] [restartedMain] o.h.e.t.j.p.i.JtaPlatformInitiator       : HHH000489: No JTA platform available (set 'hibernate.transaction.jta.platform' to enable JTA platform integration)
2024-08-28T15:58:04.297+05:30  INFO 24832 --- [product] [restartedMain] j.LocalContainerEntityManagerFactoryBean : Initialized JPA EntityManagerFactory for persistence unit 'default'
2024-08-28T15:58:04.368+05:30  WARN 24832 --- [product] [restartedMain] JpaBaseConfiguration$JpaWebConfiguration : spring.jpa.open-in-view is enabled by default. Therefore, database queries may be performed during view rendering. Explicitly configure spring.jpa.open-in-view to disable this warning
2024-08-28T15:58:04.485+05:30  WARN 24832 --- [product] [restartedMain] o.s.b.d.a.OptionalLiveReloadServer       : Unable to start LiveReload server
2024-08-28T15:58:04.643+05:30  INFO 24832 --- [product] [restartedMain] DiscoveryClientOptionalArgsConfiguration : Eureka HTTP Client uses RestTemplate.
2024-08-28T15:58:04.656+05:30  WARN 24832 --- [product] [restartedMain] iguration$LoadBalancerCaffeineWarnLogger : Spring Cloud LoadBalancer is currently working with the default cache. While this cache implementation is useful for development and tests, it's recommended to use Caffeine cache in production.You can switch to using Caffeine cache, by adding it and org.springframework.cache.caffeine.CaffeineCacheManager to the classpath.
2024-08-28T15:58:04.662+05:30  INFO 24832 --- [product] [restartedMain] o.s.c.n.eureka.InstanceInfoFactory       : Setting initial instance status as: STARTING
2024-08-28T15:58:04.663+05:30  INFO 24832 --- [product] [restartedMain] com.netflix.discovery.DiscoveryClient    : Initializing Eureka in region us-east-1
2024-08-28T15:58:04.663+05:30  INFO 24832 --- [product] [restartedMain] c.n.d.s.r.aws.ConfigClusterResolver      : Resolving eureka endpoints via configuration
2024-08-28T15:58:04.664+05:30  INFO 24832 --- [product] [restartedMain] com.netflix.discovery.DiscoveryClient    : Disable delta property : false
2024-08-28T15:58:04.664+05:30  INFO 24832 --- [product] [restartedMain] com.netflix.discovery.DiscoveryClient    : Single vip registry refresh property : null
2024-08-28T15:58:04.664+05:30  INFO 24832 --- [product] [restartedMain] com.netflix.discovery.DiscoveryClient    : Force full registry fetch : false
2024-08-28T15:58:04.664+05:30  INFO 24832 --- [product] [restartedMain] com.netflix.discovery.DiscoveryClient    : Application is null : false
2024-08-28T15:58:04.664+05:30  INFO 24832 --- [product] [restartedMain] com.netflix.discovery.DiscoveryClient    : Registered Applications size is zero : true
2024-08-28T15:58:04.664+05:30  INFO 24832 --- [product] [restartedMain] com.netflix.discovery.DiscoveryClient    : Application version is -1: true
2024-08-28T15:58:04.664+05:30  INFO 24832 --- [product] [restartedMain] com.netflix.discovery.DiscoveryClient    : Getting all instance registry info from the eureka server
2024-08-28T15:58:04.682+05:30  INFO 24832 --- [product] [restartedMain] com.netflix.discovery.DiscoveryClient    : The response status is 200
2024-08-28T15:58:04.682+05:30  INFO 24832 --- [product] [restartedMain] com.netflix.discovery.DiscoveryClient    : Starting heartbeat executor: renew interval is: 30
2024-08-28T15:58:04.683+05:30  INFO 24832 --- [product] [restartedMain] c.n.discovery.InstanceInfoReplicator     : InstanceInfoReplicator onDemand update allowed rate per min is 4
2024-08-28T15:58:04.683+05:30  INFO 24832 --- [product] [restartedMain] com.netflix.discovery.DiscoveryClient    : Discovery Client initialized at timestamp 1724840884683 with initial instances count: 3
2024-08-28T15:58:04.683+05:30  INFO 24832 --- [product] [restartedMain] o.s.c.n.e.s.EurekaServiceRegistry        : Registering application PRODUCT with eureka with status UP
2024-08-28T15:58:04.683+05:30  INFO 24832 --- [product] [restartedMain] com.netflix.discovery.DiscoveryClient    : Saw local status change event StatusChangeEvent [timestamp=1724840884683, current=UP, previous=STARTING]
2024-08-28T15:58:04.683+05:30  INFO 24832 --- [product] [DiscoveryClient-InstanceInfoReplicator-%d] com.netflix.discovery.DiscoveryClient    : DiscoveryClient_PRODUCT/LAPTOP-9I24D6K4:product:9094: registering service...
2024-08-28T15:58:04.689+05:30  INFO 24832 --- [product] [restartedMain] o.s.b.w.embedded.tomcat.TomcatWebServer  : Tomcat started on port 9094 (http) with context path '/client2'
2024-08-28T15:58:04.689+05:30  INFO 24832 --- [product] [restartedMain] .s.c.n.e.s.EurekaAutoServiceRegistration : Updating port to 9094
2024-08-28T15:58:04.698+05:30  INFO 24832 --- [product] [DiscoveryClient-InstanceInfoReplicator-%d] com.netflix.discovery.DiscoveryClient    : DiscoveryClient_PRODUCT/LAPTOP-9I24D6K4:product:9094 - registration status: 204
2024-08-28T15:58:04.756+05:30  INFO 24832 --- [product] [restartedMain] com.product.ProductApplication           : Started ProductApplication in 1.258 seconds (process running for 1301.182)
2024-08-28T15:58:04.758+05:30  INFO 24832 --- [product] [restartedMain] .ConditionEvaluationDeltaLoggingListener : Condition evaluation unchanged
2024-08-28T15:58:53.919+05:30  INFO 24832 --- [product] [File Watcher] rtingClassPathChangeChangedEventListener : Restarting due to 1 class path change (0 additions, 0 deletions, 1 modification)
2024-08-28T15:58:53.922+05:30  INFO 24832 --- [product] [Thread-19] o.s.c.n.e.s.EurekaServiceRegistry        : Unregistering application PRODUCT with eureka with status DOWN
2024-08-28T15:58:53.922+05:30  INFO 24832 --- [product] [Thread-19] com.netflix.discovery.DiscoveryClient    : Saw local status change event StatusChangeEvent [timestamp=1724840933922, current=DOWN, previous=UP]
2024-08-28T15:58:53.922+05:30  INFO 24832 --- [product] [DiscoveryClient-InstanceInfoReplicator-%d] com.netflix.discovery.DiscoveryClient    : DiscoveryClient_PRODUCT/LAPTOP-9I24D6K4:product:9094: registering service...
2024-08-28T15:58:53.939+05:30  INFO 24832 --- [product] [DiscoveryClient-InstanceInfoReplicator-%d] com.netflix.discovery.DiscoveryClient    : DiscoveryClient_PRODUCT/LAPTOP-9I24D6K4:product:9094 - registration status: 204
2024-08-28T15:58:54.249+05:30  INFO 24832 --- [product] [Thread-19] j.LocalContainerEntityManagerFactoryBean : Closing JPA EntityManagerFactory for persistence unit 'default'
2024-08-28T15:58:54.250+05:30  INFO 24832 --- [product] [Thread-19] com.zaxxer.hikari.HikariDataSource       : HikariPool-4 - Shutdown initiated...
2024-08-28T15:58:54.254+05:30  INFO 24832 --- [product] [Thread-19] com.zaxxer.hikari.HikariDataSource       : HikariPool-4 - Shutdown completed.
2024-08-28T15:58:54.257+05:30  INFO 24832 --- [product] [Thread-19] com.netflix.discovery.DiscoveryClient    : Shutting down DiscoveryClient ...
2024-08-28T15:58:57.259+05:30  INFO 24832 --- [product] [Thread-19] com.netflix.discovery.DiscoveryClient    : Unregistering ...
2024-08-28T15:58:57.279+05:30  INFO 24832 --- [product] [Thread-19] com.netflix.discovery.DiscoveryClient    : DiscoveryClient_PRODUCT/LAPTOP-9I24D6K4:product:9094 - deregister  status: 200
2024-08-28T15:58:57.280+05:30  INFO 24832 --- [product] [Thread-19] com.netflix.discovery.DiscoveryClient    : Completed shut down of DiscoveryClient
2024-08-28T15:58:57.593+05:30  INFO 24832 --- [product] [restartedMain] com.product.ProductApplication           : Starting ProductApplication using Java 17.0.11 with PID 24832 (C:\Users\piyus\Desktop\PC-workspace\product\product\target\classes started by piyus in C:\Users\piyus\Desktop\PC-workspace\product\product)
2024-08-28T15:58:57.593+05:30  INFO 24832 --- [product] [restartedMain] com.product.ProductApplication           : No active profile set, falling back to 1 default profile: "default"
2024-08-28T15:58:57.913+05:30  INFO 24832 --- [product] [restartedMain] .s.d.r.c.RepositoryConfigurationDelegate : Bootstrapping Spring Data JPA repositories in DEFAULT mode.
2024-08-28T15:58:57.923+05:30  INFO 24832 --- [product] [restartedMain] .s.d.r.c.RepositoryConfigurationDelegate : Finished Spring Data repository scanning in 8 ms. Found 1 JPA repository interface.
2024-08-28T15:58:57.973+05:30  INFO 24832 --- [product] [restartedMain] o.s.cloud.context.scope.GenericScope     : BeanFactory id=ab0bb7cb-fe58-31fc-b5c3-e01adbf46888
2024-08-28T15:58:57.990+05:30  WARN 24832 --- [product] [restartedMain] trationDelegate$BeanPostProcessorChecker : Bean 'org.springframework.cloud.client.loadbalancer.LoadBalancerAutoConfiguration$DeferringLoadBalancerInterceptorConfig' of type [org.springframework.cloud.client.loadbalancer.LoadBalancerAutoConfiguration$DeferringLoadBalancerInterceptorConfig] is not eligible for getting processed by all BeanPostProcessors (for example: not eligible for auto-proxying). The currently created BeanPostProcessor [lbRestClientPostProcessor] is declared through a non-static factory method on that class; consider declaring it as static instead.
2024-08-28T15:58:57.991+05:30  WARN 24832 --- [product] [restartedMain] trationDelegate$BeanPostProcessorChecker : Bean 'deferringLoadBalancerInterceptor' of type [org.springframework.cloud.client.loadbalancer.DeferringLoadBalancerInterceptor] is not eligible for getting processed by all BeanPostProcessors (for example: not eligible for auto-proxying). Is this bean getting eagerly injected into a currently created BeanPostProcessor [lbRestClientPostProcessor]? Check the corresponding BeanPostProcessor declaration and its dependencies.
2024-08-28T15:58:58.029+05:30  INFO 24832 --- [product] [restartedMain] o.s.b.w.embedded.tomcat.TomcatWebServer  : Tomcat initialized with port 9094 (http)
2024-08-28T15:58:58.029+05:30  INFO 24832 --- [product] [restartedMain] o.apache.catalina.core.StandardService   : Starting service [Tomcat]
2024-08-28T15:58:58.029+05:30  INFO 24832 --- [product] [restartedMain] o.apache.catalina.core.StandardEngine    : Starting Servlet engine: [Apache Tomcat/10.1.26]
2024-08-28T15:58:58.053+05:30  INFO 24832 --- [product] [restartedMain] o.a.c.c.C.[.[localhost].[/client2]       : Initializing Spring embedded WebApplicationContext
2024-08-28T15:58:58.053+05:30  INFO 24832 --- [product] [restartedMain] w.s.c.ServletWebServerApplicationContext : Root WebApplicationContext: initialization completed in 455 ms
2024-08-28T15:58:58.081+05:30  INFO 24832 --- [product] [restartedMain] o.hibernate.jpa.internal.util.LogHelper  : HHH000204: Processing PersistenceUnitInfo [name: default]
2024-08-28T15:58:58.083+05:30  INFO 24832 --- [product] [restartedMain] o.h.c.internal.RegionFactoryInitiator    : HHH000026: Second-level cache disabled
2024-08-28T15:58:58.093+05:30  INFO 24832 --- [product] [restartedMain] o.s.o.j.p.SpringPersistenceUnitInfo      : No LoadTimeWeaver setup: ignoring JPA class transformer
2024-08-28T15:58:58.094+05:30  INFO 24832 --- [product] [restartedMain] com.zaxxer.hikari.HikariDataSource       : HikariPool-5 - Starting...
2024-08-28T15:58:58.099+05:30  INFO 24832 --- [product] [restartedMain] com.zaxxer.hikari.pool.HikariPool        : HikariPool-5 - Added connection com.mysql.cj.jdbc.ConnectionImpl@4c428459
2024-08-28T15:58:58.099+05:30  INFO 24832 --- [product] [restartedMain] com.zaxxer.hikari.HikariDataSource       : HikariPool-5 - Start completed.
2024-08-28T15:58:58.101+05:30  WARN 24832 --- [product] [restartedMain] org.hibernate.orm.deprecation            : HHH90000025: MySQLDialect does not need to be specified explicitly using 'hibernate.dialect' (remove the property setting and it will be selected by default)
2024-08-28T15:58:58.144+05:30  INFO 24832 --- [product] [restartedMain] o.h.e.t.j.p.i.JtaPlatformInitiator       : HHH000489: No JTA platform available (set 'hibernate.transaction.jta.platform' to enable JTA platform integration)
2024-08-28T15:58:58.160+05:30  INFO 24832 --- [product] [restartedMain] j.LocalContainerEntityManagerFactoryBean : Initialized JPA EntityManagerFactory for persistence unit 'default'
2024-08-28T15:58:58.226+05:30  WARN 24832 --- [product] [restartedMain] JpaBaseConfiguration$JpaWebConfiguration : spring.jpa.open-in-view is enabled by default. Therefore, database queries may be performed during view rendering. Explicitly configure spring.jpa.open-in-view to disable this warning
2024-08-28T15:58:58.318+05:30  WARN 24832 --- [product] [restartedMain] o.s.b.d.a.OptionalLiveReloadServer       : Unable to start LiveReload server
2024-08-28T15:58:58.501+05:30  INFO 24832 --- [product] [restartedMain] DiscoveryClientOptionalArgsConfiguration : Eureka HTTP Client uses RestTemplate.
2024-08-28T15:58:58.527+05:30  WARN 24832 --- [product] [restartedMain] iguration$LoadBalancerCaffeineWarnLogger : Spring Cloud LoadBalancer is currently working with the default cache. While this cache implementation is useful for development and tests, it's recommended to use Caffeine cache in production.You can switch to using Caffeine cache, by adding it and org.springframework.cache.caffeine.CaffeineCacheManager to the classpath.
2024-08-28T15:58:58.542+05:30  INFO 24832 --- [product] [restartedMain] o.s.c.n.eureka.InstanceInfoFactory       : Setting initial instance status as: STARTING
2024-08-28T15:58:58.547+05:30  INFO 24832 --- [product] [restartedMain] com.netflix.discovery.DiscoveryClient    : Initializing Eureka in region us-east-1
2024-08-28T15:58:58.547+05:30  INFO 24832 --- [product] [restartedMain] c.n.d.s.r.aws.ConfigClusterResolver      : Resolving eureka endpoints via configuration
2024-08-28T15:58:58.548+05:30  INFO 24832 --- [product] [restartedMain] com.netflix.discovery.DiscoveryClient    : Disable delta property : false
2024-08-28T15:58:58.548+05:30  INFO 24832 --- [product] [restartedMain] com.netflix.discovery.DiscoveryClient    : Single vip registry refresh property : null
2024-08-28T15:58:58.548+05:30  INFO 24832 --- [product] [restartedMain] com.netflix.discovery.DiscoveryClient    : Force full registry fetch : false
2024-08-28T15:58:58.548+05:30  INFO 24832 --- [product] [restartedMain] com.netflix.discovery.DiscoveryClient    : Application is null : false
2024-08-28T15:58:58.548+05:30  INFO 24832 --- [product] [restartedMain] com.netflix.discovery.DiscoveryClient    : Registered Applications size is zero : true
2024-08-28T15:58:58.548+05:30  INFO 24832 --- [product] [restartedMain] com.netflix.discovery.DiscoveryClient    : Application version is -1: true
2024-08-28T15:58:58.548+05:30  INFO 24832 --- [product] [restartedMain] com.netflix.discovery.DiscoveryClient    : Getting all instance registry info from the eureka server
2024-08-28T15:58:58.610+05:30  INFO 24832 --- [product] [restartedMain] com.netflix.discovery.DiscoveryClient    : The response status is 200
2024-08-28T15:58:58.614+05:30  INFO 24832 --- [product] [restartedMain] com.netflix.discovery.DiscoveryClient    : Starting heartbeat executor: renew interval is: 30
2024-08-28T15:58:58.614+05:30  INFO 24832 --- [product] [restartedMain] c.n.discovery.InstanceInfoReplicator     : InstanceInfoReplicator onDemand update allowed rate per min is 4
2024-08-28T15:58:58.614+05:30  INFO 24832 --- [product] [restartedMain] com.netflix.discovery.DiscoveryClient    : Discovery Client initialized at timestamp 1724840938614 with initial instances count: 3
2024-08-28T15:58:58.616+05:30  INFO 24832 --- [product] [restartedMain] o.s.c.n.e.s.EurekaServiceRegistry        : Registering application PRODUCT with eureka with status UP
2024-08-28T15:58:58.618+05:30  INFO 24832 --- [product] [restartedMain] com.netflix.discovery.DiscoveryClient    : Saw local status change event StatusChangeEvent [timestamp=1724840938618, current=UP, previous=STARTING]
2024-08-28T15:58:58.618+05:30  INFO 24832 --- [product] [DiscoveryClient-InstanceInfoReplicator-%d] com.netflix.discovery.DiscoveryClient    : DiscoveryClient_PRODUCT/LAPTOP-9I24D6K4:product:9094: registering service...
2024-08-28T15:58:58.626+05:30  INFO 24832 --- [product] [restartedMain] o.s.b.w.embedded.tomcat.TomcatWebServer  : Tomcat started on port 9094 (http) with context path '/client2'
2024-08-28T15:58:58.627+05:30  INFO 24832 --- [product] [restartedMain] .s.c.n.e.s.EurekaAutoServiceRegistration : Updating port to 9094
2024-08-28T15:58:58.646+05:30  INFO 24832 --- [product] [DiscoveryClient-InstanceInfoReplicator-%d] com.netflix.discovery.DiscoveryClient    : DiscoveryClient_PRODUCT/LAPTOP-9I24D6K4:product:9094 - registration status: 204
2024-08-28T15:58:58.722+05:30  INFO 24832 --- [product] [restartedMain] com.product.ProductApplication           : Started ProductApplication in 1.341 seconds (process running for 1355.147)
2024-08-28T15:58:58.725+05:30  INFO 24832 --- [product] [restartedMain] .ConditionEvaluationDeltaLoggingListener : Condition evaluation unchanged
2024-08-28T15:59:10.284+05:30  INFO 24832 --- [product] [http-nio-9094-exec-1] o.a.c.c.C.[.[localhost].[/client2]       : Initializing Spring DispatcherServlet 'dispatcherServlet'
2024-08-28T15:59:10.284+05:30  INFO 24832 --- [product] [http-nio-9094-exec-1] o.s.web.servlet.DispatcherServlet        : Initializing Servlet 'dispatcherServlet'
2024-08-28T15:59:10.286+05:30  INFO 24832 --- [product] [http-nio-9094-exec-1] o.s.web.servlet.DispatcherServlet        : Completed initialization in 2 ms
2024-08-28T15:59:10.286+05:30  INFO 24832 --- [product] [http-nio-9094-exec-1] c.product.controller.ProductController   : ======================================
2024-08-28T15:59:10.286+05:30  INFO 24832 --- [product] [http-nio-9094-exec-1] c.product.controller.ProductController   : getCustomerByID() called from product controller
2024-08-28T15:59:10.286+05:30  INFO 24832 --- [product] [http-nio-9094-exec-1] com.product.service.ProductService       : ======================================
2024-08-28T15:59:10.286+05:30  INFO 24832 --- [product] [http-nio-9094-exec-1] com.product.service.ProductService       : getProductById() called from service layer
2024-08-28T15:59:10.310+05:30  INFO 24832 --- [product] [http-nio-9094-exec-1] com.product.service.ProductService       : ======================================
2024-08-28T15:59:10.310+05:30  INFO 24832 --- [product] [http-nio-9094-exec-1] com.product.service.ProductService       : getProductById() ended from service layer
2024-08-28T15:59:10.310+05:30  INFO 24832 --- [product] [http-nio-9094-exec-1] c.product.controller.ProductController   : product=Product(productId=4, productName=Kurkure, category=Snacks, unitPrice=10, stock=92, stockValue=920, description=masala munch)
2024-08-28T15:59:10.310+05:30  INFO 24832 --- [product] [http-nio-9094-exec-1] c.product.controller.ProductController   : getCustomerByID() ended from product controller
2024-08-28T15:59:10.310+05:30  INFO 24832 --- [product] [http-nio-9094-exec-1] c.product.controller.ProductController   : ======================================
2024-08-28T15:59:10.326+05:30  WARN 24832 --- [product] [http-nio-9094-exec-2] .m.m.a.ExceptionHandlerExceptionResolver : Resolved [org.springframework.web.servlet.resource.NoResourceFoundException: No static resource product/removefromstock/4/10.]
2024-08-28T15:59:24.542+05:30  INFO 24832 --- [product] [http-nio-9094-exec-3] c.product.controller.ProductController   : ======================================
2024-08-28T15:59:24.542+05:30  INFO 24832 --- [product] [http-nio-9094-exec-3] c.product.controller.ProductController   : getCustomerByID() called from product controller
2024-08-28T15:59:24.542+05:30  INFO 24832 --- [product] [http-nio-9094-exec-3] com.product.service.ProductService       : ======================================
2024-08-28T15:59:24.542+05:30  INFO 24832 --- [product] [http-nio-9094-exec-3] com.product.service.ProductService       : getProductById() called from service layer
2024-08-28T15:59:24.549+05:30  INFO 24832 --- [product] [http-nio-9094-exec-3] com.product.service.ProductService       : ======================================
2024-08-28T15:59:24.549+05:30  INFO 24832 --- [product] [http-nio-9094-exec-3] com.product.service.ProductService       : getProductById() ended from service layer
2024-08-28T15:59:24.549+05:30  INFO 24832 --- [product] [http-nio-9094-exec-3] c.product.controller.ProductController   : product=Product(productId=4, productName=Kurkure, category=Snacks, unitPrice=10, stock=92, stockValue=920, description=masala munch)
2024-08-28T15:59:24.549+05:30  INFO 24832 --- [product] [http-nio-9094-exec-3] c.product.controller.ProductController   : getCustomerByID() ended from product controller
2024-08-28T15:59:24.549+05:30  INFO 24832 --- [product] [http-nio-9094-exec-3] c.product.controller.ProductController   : ======================================
2024-08-28T15:59:24.558+05:30  WARN 24832 --- [product] [http-nio-9094-exec-6] .m.m.a.ExceptionHandlerExceptionResolver : Resolved [org.springframework.web.servlet.resource.NoResourceFoundException: No static resource product/removefromstock/4/1.]
2024-08-28T16:03:58.555+05:30  INFO 24832 --- [product] [AsyncResolver-bootstrap-executor-%d] c.n.d.s.r.aws.ConfigClusterResolver      : Resolving eureka endpoints via configuration
2024-08-28T16:08:16.171+05:30  INFO 24832 --- [product] [File Watcher] rtingClassPathChangeChangedEventListener : Restarting due to 1 class path change (0 additions, 0 deletions, 1 modification)
2024-08-28T16:08:16.228+05:30  INFO 24832 --- [product] [Thread-25] o.s.c.n.e.s.EurekaServiceRegistry        : Unregistering application PRODUCT with eureka with status DOWN
2024-08-28T16:08:16.233+05:30  INFO 24832 --- [product] [Thread-25] com.netflix.discovery.DiscoveryClient    : Saw local status change event StatusChangeEvent [timestamp=1724841496233, current=DOWN, previous=UP]
2024-08-28T16:08:16.234+05:30  INFO 24832 --- [product] [DiscoveryClient-InstanceInfoReplicator-%d] com.netflix.discovery.DiscoveryClient    : DiscoveryClient_PRODUCT/LAPTOP-9I24D6K4:product:9094: registering service...
2024-08-28T16:08:16.275+05:30  INFO 24832 --- [product] [DiscoveryClient-InstanceInfoReplicator-%d] com.netflix.discovery.DiscoveryClient    : DiscoveryClient_PRODUCT/LAPTOP-9I24D6K4:product:9094 - registration status: 204
2024-08-28T16:08:16.674+05:30  INFO 24832 --- [product] [Thread-25] j.LocalContainerEntityManagerFactoryBean : Closing JPA EntityManagerFactory for persistence unit 'default'
2024-08-28T16:08:16.737+05:30  INFO 24832 --- [product] [Thread-25] com.zaxxer.hikari.HikariDataSource       : HikariPool-5 - Shutdown initiated...
2024-08-28T16:08:16.756+05:30  INFO 24832 --- [product] [Thread-25] com.zaxxer.hikari.HikariDataSource       : HikariPool-5 - Shutdown completed.
2024-08-28T16:08:16.760+05:30  INFO 24832 --- [product] [Thread-25] com.netflix.discovery.DiscoveryClient    : Shutting down DiscoveryClient ...
2024-08-28T16:08:19.766+05:30  INFO 24832 --- [product] [Thread-25] com.netflix.discovery.DiscoveryClient    : Unregistering ...
2024-08-28T16:08:19.789+05:30  INFO 24832 --- [product] [Thread-25] com.netflix.discovery.DiscoveryClient    : DiscoveryClient_PRODUCT/LAPTOP-9I24D6K4:product:9094 - deregister  status: 200
2024-08-28T16:08:19.790+05:30  INFO 24832 --- [product] [Thread-25] com.netflix.discovery.DiscoveryClient    : Completed shut down of DiscoveryClient
2024-08-28T16:08:20.823+05:30  INFO 24832 --- [product] [restartedMain] com.product.ProductApplication           : Starting ProductApplication using Java 17.0.11 with PID 24832 (C:\Users\piyus\Desktop\PC-workspace\product\product\target\classes started by piyus in C:\Users\piyus\Desktop\PC-workspace\product\product)
2024-08-28T16:08:20.823+05:30  INFO 24832 --- [product] [restartedMain] com.product.ProductApplication           : No active profile set, falling back to 1 default profile: "default"
2024-08-28T16:08:21.392+05:30  INFO 24832 --- [product] [restartedMain] .s.d.r.c.RepositoryConfigurationDelegate : Bootstrapping Spring Data JPA repositories in DEFAULT mode.
2024-08-28T16:08:21.401+05:30  INFO 24832 --- [product] [restartedMain] .s.d.r.c.RepositoryConfigurationDelegate : Finished Spring Data repository scanning in 8 ms. Found 1 JPA repository interface.
2024-08-28T16:08:21.478+05:30  INFO 24832 --- [product] [restartedMain] o.s.cloud.context.scope.GenericScope     : BeanFactory id=ab0bb7cb-fe58-31fc-b5c3-e01adbf46888
2024-08-28T16:08:21.502+05:30  WARN 24832 --- [product] [restartedMain] trationDelegate$BeanPostProcessorChecker : Bean 'org.springframework.cloud.client.loadbalancer.LoadBalancerAutoConfiguration$DeferringLoadBalancerInterceptorConfig' of type [org.springframework.cloud.client.loadbalancer.LoadBalancerAutoConfiguration$DeferringLoadBalancerInterceptorConfig] is not eligible for getting processed by all BeanPostProcessors (for example: not eligible for auto-proxying). The currently created BeanPostProcessor [lbRestClientPostProcessor] is declared through a non-static factory method on that class; consider declaring it as static instead.
2024-08-28T16:08:21.503+05:30  WARN 24832 --- [product] [restartedMain] trationDelegate$BeanPostProcessorChecker : Bean 'deferringLoadBalancerInterceptor' of type [org.springframework.cloud.client.loadbalancer.DeferringLoadBalancerInterceptor] is not eligible for getting processed by all BeanPostProcessors (for example: not eligible for auto-proxying). Is this bean getting eagerly injected into a currently created BeanPostProcessor [lbRestClientPostProcessor]? Check the corresponding BeanPostProcessor declaration and its dependencies.
2024-08-28T16:08:21.571+05:30  INFO 24832 --- [product] [restartedMain] o.s.b.w.embedded.tomcat.TomcatWebServer  : Tomcat initialized with port 9094 (http)
2024-08-28T16:08:21.572+05:30  INFO 24832 --- [product] [restartedMain] o.apache.catalina.core.StandardService   : Starting service [Tomcat]
2024-08-28T16:08:21.572+05:30  INFO 24832 --- [product] [restartedMain] o.apache.catalina.core.StandardEngine    : Starting Servlet engine: [Apache Tomcat/10.1.26]
2024-08-28T16:08:21.596+05:30  INFO 24832 --- [product] [restartedMain] o.a.c.c.C.[.[localhost].[/client2]       : Initializing Spring embedded WebApplicationContext
2024-08-28T16:08:21.596+05:30  INFO 24832 --- [product] [restartedMain] w.s.c.ServletWebServerApplicationContext : Root WebApplicationContext: initialization completed in 769 ms
2024-08-28T16:08:21.623+05:30  INFO 24832 --- [product] [restartedMain] o.hibernate.jpa.internal.util.LogHelper  : HHH000204: Processing PersistenceUnitInfo [name: default]
2024-08-28T16:08:21.625+05:30  INFO 24832 --- [product] [restartedMain] o.h.c.internal.RegionFactoryInitiator    : HHH000026: Second-level cache disabled
2024-08-28T16:08:21.632+05:30  INFO 24832 --- [product] [restartedMain] o.s.o.j.p.SpringPersistenceUnitInfo      : No LoadTimeWeaver setup: ignoring JPA class transformer
2024-08-28T16:08:21.633+05:30  INFO 24832 --- [product] [restartedMain] com.zaxxer.hikari.HikariDataSource       : HikariPool-6 - Starting...
2024-08-28T16:08:21.652+05:30  INFO 24832 --- [product] [restartedMain] com.zaxxer.hikari.pool.HikariPool        : HikariPool-6 - Added connection com.mysql.cj.jdbc.ConnectionImpl@27a6852
2024-08-28T16:08:21.652+05:30  INFO 24832 --- [product] [restartedMain] com.zaxxer.hikari.HikariDataSource       : HikariPool-6 - Start completed.
2024-08-28T16:08:21.653+05:30  WARN 24832 --- [product] [restartedMain] org.hibernate.orm.deprecation            : HHH90000025: MySQLDialect does not need to be specified explicitly using 'hibernate.dialect' (remove the property setting and it will be selected by default)
2024-08-28T16:08:21.711+05:30  INFO 24832 --- [product] [restartedMain] o.h.e.t.j.p.i.JtaPlatformInitiator       : HHH000489: No JTA platform available (set 'hibernate.transaction.jta.platform' to enable JTA platform integration)
2024-08-28T16:08:21.741+05:30  INFO 24832 --- [product] [restartedMain] j.LocalContainerEntityManagerFactoryBean : Initialized JPA EntityManagerFactory for persistence unit 'default'
2024-08-28T16:08:21.850+05:30  WARN 24832 --- [product] [restartedMain] JpaBaseConfiguration$JpaWebConfiguration : spring.jpa.open-in-view is enabled by default. Therefore, database queries may be performed during view rendering. Explicitly configure spring.jpa.open-in-view to disable this warning
2024-08-28T16:08:21.955+05:30  WARN 24832 --- [product] [restartedMain] o.s.b.d.a.OptionalLiveReloadServer       : Unable to start LiveReload server
2024-08-28T16:08:22.097+05:30  INFO 24832 --- [product] [restartedMain] DiscoveryClientOptionalArgsConfiguration : Eureka HTTP Client uses RestTemplate.
2024-08-28T16:08:22.106+05:30  WARN 24832 --- [product] [restartedMain] iguration$LoadBalancerCaffeineWarnLogger : Spring Cloud LoadBalancer is currently working with the default cache. While this cache implementation is useful for development and tests, it's recommended to use Caffeine cache in production.You can switch to using Caffeine cache, by adding it and org.springframework.cache.caffeine.CaffeineCacheManager to the classpath.
2024-08-28T16:08:22.112+05:30  INFO 24832 --- [product] [restartedMain] o.s.c.n.eureka.InstanceInfoFactory       : Setting initial instance status as: STARTING
2024-08-28T16:08:22.114+05:30  INFO 24832 --- [product] [restartedMain] com.netflix.discovery.DiscoveryClient    : Initializing Eureka in region us-east-1
2024-08-28T16:08:22.114+05:30  INFO 24832 --- [product] [restartedMain] c.n.d.s.r.aws.ConfigClusterResolver      : Resolving eureka endpoints via configuration
2024-08-28T16:08:22.114+05:30  INFO 24832 --- [product] [restartedMain] com.netflix.discovery.DiscoveryClient    : Disable delta property : false
2024-08-28T16:08:22.114+05:30  INFO 24832 --- [product] [restartedMain] com.netflix.discovery.DiscoveryClient    : Single vip registry refresh property : null
2024-08-28T16:08:22.114+05:30  INFO 24832 --- [product] [restartedMain] com.netflix.discovery.DiscoveryClient    : Force full registry fetch : false
2024-08-28T16:08:22.114+05:30  INFO 24832 --- [product] [restartedMain] com.netflix.discovery.DiscoveryClient    : Application is null : false
2024-08-28T16:08:22.114+05:30  INFO 24832 --- [product] [restartedMain] com.netflix.discovery.DiscoveryClient    : Registered Applications size is zero : true
2024-08-28T16:08:22.114+05:30  INFO 24832 --- [product] [restartedMain] com.netflix.discovery.DiscoveryClient    : Application version is -1: true
2024-08-28T16:08:22.114+05:30  INFO 24832 --- [product] [restartedMain] com.netflix.discovery.DiscoveryClient    : Getting all instance registry info from the eureka server
2024-08-28T16:08:22.134+05:30  INFO 24832 --- [product] [restartedMain] com.netflix.discovery.DiscoveryClient    : The response status is 200
2024-08-28T16:08:22.134+05:30  INFO 24832 --- [product] [restartedMain] com.netflix.discovery.DiscoveryClient    : Starting heartbeat executor: renew interval is: 30
2024-08-28T16:08:22.134+05:30  INFO 24832 --- [product] [restartedMain] c.n.discovery.InstanceInfoReplicator     : InstanceInfoReplicator onDemand update allowed rate per min is 4
2024-08-28T16:08:22.135+05:30  INFO 24832 --- [product] [restartedMain] com.netflix.discovery.DiscoveryClient    : Discovery Client initialized at timestamp 1724841502135 with initial instances count: 3
2024-08-28T16:08:22.137+05:30  INFO 24832 --- [product] [restartedMain] o.s.c.n.e.s.EurekaServiceRegistry        : Registering application PRODUCT with eureka with status UP
2024-08-28T16:08:22.137+05:30  INFO 24832 --- [product] [restartedMain] com.netflix.discovery.DiscoveryClient    : Saw local status change event StatusChangeEvent [timestamp=1724841502137, current=UP, previous=STARTING]
2024-08-28T16:08:22.137+05:30  INFO 24832 --- [product] [DiscoveryClient-InstanceInfoReplicator-%d] com.netflix.discovery.DiscoveryClient    : DiscoveryClient_PRODUCT/LAPTOP-9I24D6K4:product:9094: registering service...
2024-08-28T16:08:22.143+05:30  INFO 24832 --- [product] [restartedMain] o.s.b.w.embedded.tomcat.TomcatWebServer  : Tomcat started on port 9094 (http) with context path '/client2'
2024-08-28T16:08:22.145+05:30  INFO 24832 --- [product] [restartedMain] .s.c.n.e.s.EurekaAutoServiceRegistration : Updating port to 9094
2024-08-28T16:08:22.150+05:30  INFO 24832 --- [product] [DiscoveryClient-InstanceInfoReplicator-%d] com.netflix.discovery.DiscoveryClient    : DiscoveryClient_PRODUCT/LAPTOP-9I24D6K4:product:9094 - registration status: 204
2024-08-28T16:08:22.225+05:30  INFO 24832 --- [product] [restartedMain] com.product.ProductApplication           : Started ProductApplication in 1.667 seconds (process running for 1918.65)
2024-08-28T16:08:22.227+05:30  INFO 24832 --- [product] [restartedMain] .ConditionEvaluationDeltaLoggingListener : Condition evaluation unchanged
2024-08-28T16:08:40.395+05:30  INFO 24832 --- [product] [http-nio-9094-exec-2] o.a.c.c.C.[.[localhost].[/client2]       : Initializing Spring DispatcherServlet 'dispatcherServlet'
2024-08-28T16:08:40.395+05:30  INFO 24832 --- [product] [http-nio-9094-exec-2] o.s.web.servlet.DispatcherServlet        : Initializing Servlet 'dispatcherServlet'
2024-08-28T16:08:40.398+05:30  INFO 24832 --- [product] [http-nio-9094-exec-2] o.s.web.servlet.DispatcherServlet        : Completed initialization in 3 ms
2024-08-28T16:08:40.401+05:30  INFO 24832 --- [product] [http-nio-9094-exec-2] c.product.controller.ProductController   : ======================================
2024-08-28T16:08:40.401+05:30  INFO 24832 --- [product] [http-nio-9094-exec-2] c.product.controller.ProductController   : getCustomerByID() called from product controller
2024-08-28T16:08:40.401+05:30  INFO 24832 --- [product] [http-nio-9094-exec-2] com.product.service.ProductService       : ======================================
2024-08-28T16:08:40.401+05:30  INFO 24832 --- [product] [http-nio-9094-exec-2] com.product.service.ProductService       : getProductById() called from service layer
2024-08-28T16:08:40.415+05:30  INFO 24832 --- [product] [http-nio-9094-exec-2] com.product.service.ProductService       : ======================================
2024-08-28T16:08:40.415+05:30  INFO 24832 --- [product] [http-nio-9094-exec-2] com.product.service.ProductService       : getProductById() ended from service layer
2024-08-28T16:08:40.415+05:30  INFO 24832 --- [product] [http-nio-9094-exec-2] c.product.controller.ProductController   : product=Product(productId=4, productName=Kurkure, category=Snacks, unitPrice=10, stock=92, stockValue=920, description=masala munch)
2024-08-28T16:08:40.416+05:30  INFO 24832 --- [product] [http-nio-9094-exec-2] c.product.controller.ProductController   : getCustomerByID() ended from product controller
2024-08-28T16:08:40.416+05:30  INFO 24832 --- [product] [http-nio-9094-exec-2] c.product.controller.ProductController   : ======================================
2024-08-28T16:08:40.426+05:30  INFO 24832 --- [product] [http-nio-9094-exec-5] c.product.controller.ProductController   : ======================================
2024-08-28T16:08:40.426+05:30  INFO 24832 --- [product] [http-nio-9094-exec-5] c.product.controller.ProductController   : removeFromStockBasedOnId() called from product controller
2024-08-28T16:08:40.426+05:30  INFO 24832 --- [product] [http-nio-9094-exec-5] com.product.service.ProductService       : ======================================
2024-08-28T16:08:40.426+05:30  INFO 24832 --- [product] [http-nio-9094-exec-5] com.product.service.ProductService       : removeFromStockBasedOnId() called from service layer
2024-08-28T16:08:40.464+05:30  INFO 24832 --- [product] [http-nio-9094-exec-5] com.product.service.ProductService       : ======================================
2024-08-28T16:08:40.464+05:30  INFO 24832 --- [product] [http-nio-9094-exec-5] com.product.service.ProductService       : removeFromStockBasedOnId() ended from service layer
2024-08-28T16:08:40.464+05:30  INFO 24832 --- [product] [http-nio-9094-exec-5] c.product.controller.ProductController   : product=Product(productId=4, productName=Kurkure, category=Snacks, unitPrice=10, stock=91, stockValue=910, description=masala munch)
2024-08-28T16:08:40.464+05:30  INFO 24832 --- [product] [http-nio-9094-exec-5] c.product.controller.ProductController   : removeFromStockBasedOnId() ended from product controller
2024-08-28T16:08:40.464+05:30  INFO 24832 --- [product] [http-nio-9094-exec-5] c.product.controller.ProductController   : ======================================
2024-08-28T16:13:22.129+05:30  INFO 24832 --- [product] [AsyncResolver-bootstrap-executor-%d] c.n.d.s.r.aws.ConfigClusterResolver      : Resolving eureka endpoints via configuration
2024-08-28T16:18:22.144+05:30  INFO 24832 --- [product] [AsyncResolver-bootstrap-executor-%d] c.n.d.s.r.aws.ConfigClusterResolver      : Resolving eureka endpoints via configuration
2024-08-28T16:23:22.152+05:30  INFO 24832 --- [product] [AsyncResolver-bootstrap-executor-%d] c.n.d.s.r.aws.ConfigClusterResolver      : Resolving eureka endpoints via configuration
